<?xml version="1.0" encoding="UTF-8"?>
<testsuite xmlns:xsi="http://www.w3.org/2001/XMLSchema-instance" xsi:noNamespaceSchemaLocation="https://maven.apache.org/surefire/maven-surefire-plugin/xsd/surefire-test-report.xsd" name="com.spring.springbootapp.DemoApplicationTests" time="17.368" tests="1" errors="1" skipped="0" failures="0">
  <properties>
    <property name="java.specification.version" value="17"/>
    <property name="sun.jnu.encoding" value="UTF-8"/>
    <property name="java.class.path" value="/run/media/col/Data/DATA/TSP/CSN/globalLab/backend/target/test-classes:/run/media/col/Data/DATA/TSP/CSN/globalLab/backend/target/classes:/home/col/.m2/repository/org/springframework/boot/spring-boot-starter-data-jpa/2.3.2.RELEASE/spring-boot-starter-data-jpa-2.3.2.RELEASE.jar:/home/col/.m2/repository/org/springframework/boot/spring-boot-starter-aop/2.3.2.RELEASE/spring-boot-starter-aop-2.3.2.RELEASE.jar:/home/col/.m2/repository/org/aspectj/aspectjweaver/1.9.6/aspectjweaver-1.9.6.jar:/home/col/.m2/repository/org/springframework/boot/spring-boot-starter-jdbc/2.3.2.RELEASE/spring-boot-starter-jdbc-2.3.2.RELEASE.jar:/home/col/.m2/repository/com/zaxxer/HikariCP/3.4.5/HikariCP-3.4.5.jar:/home/col/.m2/repository/org/springframework/spring-jdbc/5.2.8.RELEASE/spring-jdbc-5.2.8.RELEASE.jar:/home/col/.m2/repository/jakarta/transaction/jakarta.transaction-api/1.3.3/jakarta.transaction-api-1.3.3.jar:/home/col/.m2/repository/jakarta/persistence/jakarta.persistence-api/2.2.3/jakarta.persistence-api-2.2.3.jar:/home/col/.m2/repository/org/hibernate/hibernate-core/5.4.18.Final/hibernate-core-5.4.18.Final.jar:/home/col/.m2/repository/org/jboss/logging/jboss-logging/3.4.1.Final/jboss-logging-3.4.1.Final.jar:/home/col/.m2/repository/org/javassist/javassist/3.24.0-GA/javassist-3.24.0-GA.jar:/home/col/.m2/repository/net/bytebuddy/byte-buddy/1.10.13/byte-buddy-1.10.13.jar:/home/col/.m2/repository/antlr/antlr/2.7.7/antlr-2.7.7.jar:/home/col/.m2/repository/org/jboss/jandex/2.1.3.Final/jandex-2.1.3.Final.jar:/home/col/.m2/repository/com/fasterxml/classmate/1.5.1/classmate-1.5.1.jar:/home/col/.m2/repository/org/dom4j/dom4j/2.1.3/dom4j-2.1.3.jar:/home/col/.m2/repository/org/hibernate/common/hibernate-commons-annotations/5.1.0.Final/hibernate-commons-annotations-5.1.0.Final.jar:/home/col/.m2/repository/org/glassfish/jaxb/jaxb-runtime/2.3.3/jaxb-runtime-2.3.3.jar:/home/col/.m2/repository/org/glassfish/jaxb/txw2/2.3.3/txw2-2.3.3.jar:/home/col/.m2/repository/com/sun/istack/istack-commons-runtime/3.0.11/istack-commons-runtime-3.0.11.jar:/home/col/.m2/repository/com/sun/activation/jakarta.activation/1.2.2/jakarta.activation-1.2.2.jar:/home/col/.m2/repository/org/springframework/data/spring-data-jpa/2.3.2.RELEASE/spring-data-jpa-2.3.2.RELEASE.jar:/home/col/.m2/repository/org/springframework/data/spring-data-commons/2.3.2.RELEASE/spring-data-commons-2.3.2.RELEASE.jar:/home/col/.m2/repository/org/springframework/spring-orm/5.2.8.RELEASE/spring-orm-5.2.8.RELEASE.jar:/home/col/.m2/repository/org/springframework/spring-context/5.2.8.RELEASE/spring-context-5.2.8.RELEASE.jar:/home/col/.m2/repository/org/springframework/spring-tx/5.2.8.RELEASE/spring-tx-5.2.8.RELEASE.jar:/home/col/.m2/repository/org/springframework/spring-beans/5.2.8.RELEASE/spring-beans-5.2.8.RELEASE.jar:/home/col/.m2/repository/org/slf4j/slf4j-api/1.7.30/slf4j-api-1.7.30.jar:/home/col/.m2/repository/org/springframework/spring-aspects/5.2.8.RELEASE/spring-aspects-5.2.8.RELEASE.jar:/home/col/.m2/repository/org/springframework/boot/spring-boot-starter-security/2.3.2.RELEASE/spring-boot-starter-security-2.3.2.RELEASE.jar:/home/col/.m2/repository/org/springframework/boot/spring-boot-starter/2.3.2.RELEASE/spring-boot-starter-2.3.2.RELEASE.jar:/home/col/.m2/repository/org/springframework/boot/spring-boot-starter-logging/2.3.2.RELEASE/spring-boot-starter-logging-2.3.2.RELEASE.jar:/home/col/.m2/repository/ch/qos/logback/logback-classic/1.2.3/logback-classic-1.2.3.jar:/home/col/.m2/repository/ch/qos/logback/logback-core/1.2.3/logback-core-1.2.3.jar:/home/col/.m2/repository/org/apache/logging/log4j/log4j-to-slf4j/2.13.3/log4j-to-slf4j-2.13.3.jar:/home/col/.m2/repository/org/apache/logging/log4j/log4j-api/2.13.3/log4j-api-2.13.3.jar:/home/col/.m2/repository/org/slf4j/jul-to-slf4j/1.7.30/jul-to-slf4j-1.7.30.jar:/home/col/.m2/repository/jakarta/annotation/jakarta.annotation-api/1.3.5/jakarta.annotation-api-1.3.5.jar:/home/col/.m2/repository/org/yaml/snakeyaml/1.26/snakeyaml-1.26.jar:/home/col/.m2/repository/org/springframework/spring-aop/5.2.8.RELEASE/spring-aop-5.2.8.RELEASE.jar:/home/col/.m2/repository/org/springframework/security/spring-security-config/5.3.3.RELEASE/spring-security-config-5.3.3.RELEASE.jar:/home/col/.m2/repository/org/springframework/security/spring-security-web/5.3.3.RELEASE/spring-security-web-5.3.3.RELEASE.jar:/home/col/.m2/repository/org/springframework/spring-expression/5.2.8.RELEASE/spring-expression-5.2.8.RELEASE.jar:/home/col/.m2/repository/org/springframework/boot/spring-boot-starter-web/2.3.2.RELEASE/spring-boot-starter-web-2.3.2.RELEASE.jar:/home/col/.m2/repository/org/springframework/boot/spring-boot-starter-json/2.3.2.RELEASE/spring-boot-starter-json-2.3.2.RELEASE.jar:/home/col/.m2/repository/com/fasterxml/jackson/core/jackson-databind/2.11.1/jackson-databind-2.11.1.jar:/home/col/.m2/repository/com/fasterxml/jackson/core/jackson-annotations/2.11.1/jackson-annotations-2.11.1.jar:/home/col/.m2/repository/com/fasterxml/jackson/core/jackson-core/2.11.1/jackson-core-2.11.1.jar:/home/col/.m2/repository/com/fasterxml/jackson/datatype/jackson-datatype-jdk8/2.11.1/jackson-datatype-jdk8-2.11.1.jar:/home/col/.m2/repository/com/fasterxml/jackson/datatype/jackson-datatype-jsr310/2.11.1/jackson-datatype-jsr310-2.11.1.jar:/home/col/.m2/repository/com/fasterxml/jackson/module/jackson-module-parameter-names/2.11.1/jackson-module-parameter-names-2.11.1.jar:/home/col/.m2/repository/org/springframework/boot/spring-boot-starter-tomcat/2.3.2.RELEASE/spring-boot-starter-tomcat-2.3.2.RELEASE.jar:/home/col/.m2/repository/org/apache/tomcat/embed/tomcat-embed-core/9.0.37/tomcat-embed-core-9.0.37.jar:/home/col/.m2/repository/org/glassfish/jakarta.el/3.0.3/jakarta.el-3.0.3.jar:/home/col/.m2/repository/org/apache/tomcat/embed/tomcat-embed-websocket/9.0.37/tomcat-embed-websocket-9.0.37.jar:/home/col/.m2/repository/org/springframework/spring-web/5.2.8.RELEASE/spring-web-5.2.8.RELEASE.jar:/home/col/.m2/repository/org/springframework/spring-webmvc/5.2.8.RELEASE/spring-webmvc-5.2.8.RELEASE.jar:/home/col/.m2/repository/org/springframework/boot/spring-boot-devtools/2.3.2.RELEASE/spring-boot-devtools-2.3.2.RELEASE.jar:/home/col/.m2/repository/org/springframework/boot/spring-boot/2.3.2.RELEASE/spring-boot-2.3.2.RELEASE.jar:/home/col/.m2/repository/org/springframework/boot/spring-boot-autoconfigure/2.3.2.RELEASE/spring-boot-autoconfigure-2.3.2.RELEASE.jar:/home/col/.m2/repository/mysql/mysql-connector-java/8.0.21/mysql-connector-java-8.0.21.jar:/home/col/.m2/repository/org/springframework/boot/spring-boot-starter-test/2.3.2.RELEASE/spring-boot-starter-test-2.3.2.RELEASE.jar:/home/col/.m2/repository/org/springframework/boot/spring-boot-test/2.3.2.RELEASE/spring-boot-test-2.3.2.RELEASE.jar:/home/col/.m2/repository/org/springframework/boot/spring-boot-test-autoconfigure/2.3.2.RELEASE/spring-boot-test-autoconfigure-2.3.2.RELEASE.jar:/home/col/.m2/repository/com/jayway/jsonpath/json-path/2.4.0/json-path-2.4.0.jar:/home/col/.m2/repository/net/minidev/json-smart/2.3/json-smart-2.3.jar:/home/col/.m2/repository/net/minidev/accessors-smart/1.2/accessors-smart-1.2.jar:/home/col/.m2/repository/org/ow2/asm/asm/5.0.4/asm-5.0.4.jar:/home/col/.m2/repository/jakarta/xml/bind/jakarta.xml.bind-api/2.3.3/jakarta.xml.bind-api-2.3.3.jar:/home/col/.m2/repository/jakarta/activation/jakarta.activation-api/1.2.2/jakarta.activation-api-1.2.2.jar:/home/col/.m2/repository/org/assertj/assertj-core/3.16.1/assertj-core-3.16.1.jar:/home/col/.m2/repository/org/hamcrest/hamcrest/2.2/hamcrest-2.2.jar:/home/col/.m2/repository/org/junit/jupiter/junit-jupiter/5.6.2/junit-jupiter-5.6.2.jar:/home/col/.m2/repository/org/junit/jupiter/junit-jupiter-api/5.6.2/junit-jupiter-api-5.6.2.jar:/home/col/.m2/repository/org/apiguardian/apiguardian-api/1.1.0/apiguardian-api-1.1.0.jar:/home/col/.m2/repository/org/opentest4j/opentest4j/1.2.0/opentest4j-1.2.0.jar:/home/col/.m2/repository/org/junit/platform/junit-platform-commons/1.6.2/junit-platform-commons-1.6.2.jar:/home/col/.m2/repository/org/junit/jupiter/junit-jupiter-params/5.6.2/junit-jupiter-params-5.6.2.jar:/home/col/.m2/repository/org/junit/jupiter/junit-jupiter-engine/5.6.2/junit-jupiter-engine-5.6.2.jar:/home/col/.m2/repository/org/junit/platform/junit-platform-engine/1.6.2/junit-platform-engine-1.6.2.jar:/home/col/.m2/repository/org/mockito/mockito-core/3.3.3/mockito-core-3.3.3.jar:/home/col/.m2/repository/net/bytebuddy/byte-buddy-agent/1.10.13/byte-buddy-agent-1.10.13.jar:/home/col/.m2/repository/org/objenesis/objenesis/2.6/objenesis-2.6.jar:/home/col/.m2/repository/org/mockito/mockito-junit-jupiter/3.3.3/mockito-junit-jupiter-3.3.3.jar:/home/col/.m2/repository/org/skyscreamer/jsonassert/1.5.0/jsonassert-1.5.0.jar:/home/col/.m2/repository/com/vaadin/external/google/android-json/0.0.20131108.vaadin1/android-json-0.0.20131108.vaadin1.jar:/home/col/.m2/repository/org/springframework/spring-core/5.2.8.RELEASE/spring-core-5.2.8.RELEASE.jar:/home/col/.m2/repository/org/springframework/spring-jcl/5.2.8.RELEASE/spring-jcl-5.2.8.RELEASE.jar:/home/col/.m2/repository/org/springframework/spring-test/5.2.8.RELEASE/spring-test-5.2.8.RELEASE.jar:/home/col/.m2/repository/org/xmlunit/xmlunit-core/2.7.0/xmlunit-core-2.7.0.jar:/home/col/.m2/repository/org/springframework/security/spring-security-test/5.3.3.RELEASE/spring-security-test-5.3.3.RELEASE.jar:/home/col/.m2/repository/org/springframework/security/spring-security-core/5.3.3.RELEASE/spring-security-core-5.3.3.RELEASE.jar:/home/col/.m2/repository/jakarta/validation/jakarta.validation-api/2.0.1/jakarta.validation-api-2.0.1.jar:"/>
    <property name="java.vm.vendor" value="Red Hat, Inc."/>
    <property name="sun.arch.data.model" value="64"/>
    <property name="java.vendor.url" value="https://www.redhat.com/"/>
    <property name="os.name" value="Linux"/>
    <property name="java.vm.specification.version" value="17"/>
    <property name="sun.java.launcher" value="SUN_STANDARD"/>
    <property name="user.country" value="FR"/>
    <property name="sun.boot.library.path" value="/usr/lib/jvm/java-17-openjdk-17.0.9.0.9-3.fc38.x86_64/lib"/>
    <property name="sun.java.command" value="/run/media/col/Data/DATA/TSP/CSN/globalLab/backend/target/surefire/surefirebooter4539827027330738555.jar /run/media/col/Data/DATA/TSP/CSN/globalLab/backend/target/surefire 2024-02-09T09-10-12_753-jvmRun1 surefire12727494662541047463tmp surefire_041247599060927299tmp"/>
    <property name="jdk.debug" value="release"/>
    <property name="surefire.test.class.path" value="/run/media/col/Data/DATA/TSP/CSN/globalLab/backend/target/test-classes:/run/media/col/Data/DATA/TSP/CSN/globalLab/backend/target/classes:/home/col/.m2/repository/org/springframework/boot/spring-boot-starter-data-jpa/2.3.2.RELEASE/spring-boot-starter-data-jpa-2.3.2.RELEASE.jar:/home/col/.m2/repository/org/springframework/boot/spring-boot-starter-aop/2.3.2.RELEASE/spring-boot-starter-aop-2.3.2.RELEASE.jar:/home/col/.m2/repository/org/aspectj/aspectjweaver/1.9.6/aspectjweaver-1.9.6.jar:/home/col/.m2/repository/org/springframework/boot/spring-boot-starter-jdbc/2.3.2.RELEASE/spring-boot-starter-jdbc-2.3.2.RELEASE.jar:/home/col/.m2/repository/com/zaxxer/HikariCP/3.4.5/HikariCP-3.4.5.jar:/home/col/.m2/repository/org/springframework/spring-jdbc/5.2.8.RELEASE/spring-jdbc-5.2.8.RELEASE.jar:/home/col/.m2/repository/jakarta/transaction/jakarta.transaction-api/1.3.3/jakarta.transaction-api-1.3.3.jar:/home/col/.m2/repository/jakarta/persistence/jakarta.persistence-api/2.2.3/jakarta.persistence-api-2.2.3.jar:/home/col/.m2/repository/org/hibernate/hibernate-core/5.4.18.Final/hibernate-core-5.4.18.Final.jar:/home/col/.m2/repository/org/jboss/logging/jboss-logging/3.4.1.Final/jboss-logging-3.4.1.Final.jar:/home/col/.m2/repository/org/javassist/javassist/3.24.0-GA/javassist-3.24.0-GA.jar:/home/col/.m2/repository/net/bytebuddy/byte-buddy/1.10.13/byte-buddy-1.10.13.jar:/home/col/.m2/repository/antlr/antlr/2.7.7/antlr-2.7.7.jar:/home/col/.m2/repository/org/jboss/jandex/2.1.3.Final/jandex-2.1.3.Final.jar:/home/col/.m2/repository/com/fasterxml/classmate/1.5.1/classmate-1.5.1.jar:/home/col/.m2/repository/org/dom4j/dom4j/2.1.3/dom4j-2.1.3.jar:/home/col/.m2/repository/org/hibernate/common/hibernate-commons-annotations/5.1.0.Final/hibernate-commons-annotations-5.1.0.Final.jar:/home/col/.m2/repository/org/glassfish/jaxb/jaxb-runtime/2.3.3/jaxb-runtime-2.3.3.jar:/home/col/.m2/repository/org/glassfish/jaxb/txw2/2.3.3/txw2-2.3.3.jar:/home/col/.m2/repository/com/sun/istack/istack-commons-runtime/3.0.11/istack-commons-runtime-3.0.11.jar:/home/col/.m2/repository/com/sun/activation/jakarta.activation/1.2.2/jakarta.activation-1.2.2.jar:/home/col/.m2/repository/org/springframework/data/spring-data-jpa/2.3.2.RELEASE/spring-data-jpa-2.3.2.RELEASE.jar:/home/col/.m2/repository/org/springframework/data/spring-data-commons/2.3.2.RELEASE/spring-data-commons-2.3.2.RELEASE.jar:/home/col/.m2/repository/org/springframework/spring-orm/5.2.8.RELEASE/spring-orm-5.2.8.RELEASE.jar:/home/col/.m2/repository/org/springframework/spring-context/5.2.8.RELEASE/spring-context-5.2.8.RELEASE.jar:/home/col/.m2/repository/org/springframework/spring-tx/5.2.8.RELEASE/spring-tx-5.2.8.RELEASE.jar:/home/col/.m2/repository/org/springframework/spring-beans/5.2.8.RELEASE/spring-beans-5.2.8.RELEASE.jar:/home/col/.m2/repository/org/slf4j/slf4j-api/1.7.30/slf4j-api-1.7.30.jar:/home/col/.m2/repository/org/springframework/spring-aspects/5.2.8.RELEASE/spring-aspects-5.2.8.RELEASE.jar:/home/col/.m2/repository/org/springframework/boot/spring-boot-starter-security/2.3.2.RELEASE/spring-boot-starter-security-2.3.2.RELEASE.jar:/home/col/.m2/repository/org/springframework/boot/spring-boot-starter/2.3.2.RELEASE/spring-boot-starter-2.3.2.RELEASE.jar:/home/col/.m2/repository/org/springframework/boot/spring-boot-starter-logging/2.3.2.RELEASE/spring-boot-starter-logging-2.3.2.RELEASE.jar:/home/col/.m2/repository/ch/qos/logback/logback-classic/1.2.3/logback-classic-1.2.3.jar:/home/col/.m2/repository/ch/qos/logback/logback-core/1.2.3/logback-core-1.2.3.jar:/home/col/.m2/repository/org/apache/logging/log4j/log4j-to-slf4j/2.13.3/log4j-to-slf4j-2.13.3.jar:/home/col/.m2/repository/org/apache/logging/log4j/log4j-api/2.13.3/log4j-api-2.13.3.jar:/home/col/.m2/repository/org/slf4j/jul-to-slf4j/1.7.30/jul-to-slf4j-1.7.30.jar:/home/col/.m2/repository/jakarta/annotation/jakarta.annotation-api/1.3.5/jakarta.annotation-api-1.3.5.jar:/home/col/.m2/repository/org/yaml/snakeyaml/1.26/snakeyaml-1.26.jar:/home/col/.m2/repository/org/springframework/spring-aop/5.2.8.RELEASE/spring-aop-5.2.8.RELEASE.jar:/home/col/.m2/repository/org/springframework/security/spring-security-config/5.3.3.RELEASE/spring-security-config-5.3.3.RELEASE.jar:/home/col/.m2/repository/org/springframework/security/spring-security-web/5.3.3.RELEASE/spring-security-web-5.3.3.RELEASE.jar:/home/col/.m2/repository/org/springframework/spring-expression/5.2.8.RELEASE/spring-expression-5.2.8.RELEASE.jar:/home/col/.m2/repository/org/springframework/boot/spring-boot-starter-web/2.3.2.RELEASE/spring-boot-starter-web-2.3.2.RELEASE.jar:/home/col/.m2/repository/org/springframework/boot/spring-boot-starter-json/2.3.2.RELEASE/spring-boot-starter-json-2.3.2.RELEASE.jar:/home/col/.m2/repository/com/fasterxml/jackson/core/jackson-databind/2.11.1/jackson-databind-2.11.1.jar:/home/col/.m2/repository/com/fasterxml/jackson/core/jackson-annotations/2.11.1/jackson-annotations-2.11.1.jar:/home/col/.m2/repository/com/fasterxml/jackson/core/jackson-core/2.11.1/jackson-core-2.11.1.jar:/home/col/.m2/repository/com/fasterxml/jackson/datatype/jackson-datatype-jdk8/2.11.1/jackson-datatype-jdk8-2.11.1.jar:/home/col/.m2/repository/com/fasterxml/jackson/datatype/jackson-datatype-jsr310/2.11.1/jackson-datatype-jsr310-2.11.1.jar:/home/col/.m2/repository/com/fasterxml/jackson/module/jackson-module-parameter-names/2.11.1/jackson-module-parameter-names-2.11.1.jar:/home/col/.m2/repository/org/springframework/boot/spring-boot-starter-tomcat/2.3.2.RELEASE/spring-boot-starter-tomcat-2.3.2.RELEASE.jar:/home/col/.m2/repository/org/apache/tomcat/embed/tomcat-embed-core/9.0.37/tomcat-embed-core-9.0.37.jar:/home/col/.m2/repository/org/glassfish/jakarta.el/3.0.3/jakarta.el-3.0.3.jar:/home/col/.m2/repository/org/apache/tomcat/embed/tomcat-embed-websocket/9.0.37/tomcat-embed-websocket-9.0.37.jar:/home/col/.m2/repository/org/springframework/spring-web/5.2.8.RELEASE/spring-web-5.2.8.RELEASE.jar:/home/col/.m2/repository/org/springframework/spring-webmvc/5.2.8.RELEASE/spring-webmvc-5.2.8.RELEASE.jar:/home/col/.m2/repository/org/springframework/boot/spring-boot-devtools/2.3.2.RELEASE/spring-boot-devtools-2.3.2.RELEASE.jar:/home/col/.m2/repository/org/springframework/boot/spring-boot/2.3.2.RELEASE/spring-boot-2.3.2.RELEASE.jar:/home/col/.m2/repository/org/springframework/boot/spring-boot-autoconfigure/2.3.2.RELEASE/spring-boot-autoconfigure-2.3.2.RELEASE.jar:/home/col/.m2/repository/mysql/mysql-connector-java/8.0.21/mysql-connector-java-8.0.21.jar:/home/col/.m2/repository/org/springframework/boot/spring-boot-starter-test/2.3.2.RELEASE/spring-boot-starter-test-2.3.2.RELEASE.jar:/home/col/.m2/repository/org/springframework/boot/spring-boot-test/2.3.2.RELEASE/spring-boot-test-2.3.2.RELEASE.jar:/home/col/.m2/repository/org/springframework/boot/spring-boot-test-autoconfigure/2.3.2.RELEASE/spring-boot-test-autoconfigure-2.3.2.RELEASE.jar:/home/col/.m2/repository/com/jayway/jsonpath/json-path/2.4.0/json-path-2.4.0.jar:/home/col/.m2/repository/net/minidev/json-smart/2.3/json-smart-2.3.jar:/home/col/.m2/repository/net/minidev/accessors-smart/1.2/accessors-smart-1.2.jar:/home/col/.m2/repository/org/ow2/asm/asm/5.0.4/asm-5.0.4.jar:/home/col/.m2/repository/jakarta/xml/bind/jakarta.xml.bind-api/2.3.3/jakarta.xml.bind-api-2.3.3.jar:/home/col/.m2/repository/jakarta/activation/jakarta.activation-api/1.2.2/jakarta.activation-api-1.2.2.jar:/home/col/.m2/repository/org/assertj/assertj-core/3.16.1/assertj-core-3.16.1.jar:/home/col/.m2/repository/org/hamcrest/hamcrest/2.2/hamcrest-2.2.jar:/home/col/.m2/repository/org/junit/jupiter/junit-jupiter/5.6.2/junit-jupiter-5.6.2.jar:/home/col/.m2/repository/org/junit/jupiter/junit-jupiter-api/5.6.2/junit-jupiter-api-5.6.2.jar:/home/col/.m2/repository/org/apiguardian/apiguardian-api/1.1.0/apiguardian-api-1.1.0.jar:/home/col/.m2/repository/org/opentest4j/opentest4j/1.2.0/opentest4j-1.2.0.jar:/home/col/.m2/repository/org/junit/platform/junit-platform-commons/1.6.2/junit-platform-commons-1.6.2.jar:/home/col/.m2/repository/org/junit/jupiter/junit-jupiter-params/5.6.2/junit-jupiter-params-5.6.2.jar:/home/col/.m2/repository/org/junit/jupiter/junit-jupiter-engine/5.6.2/junit-jupiter-engine-5.6.2.jar:/home/col/.m2/repository/org/junit/platform/junit-platform-engine/1.6.2/junit-platform-engine-1.6.2.jar:/home/col/.m2/repository/org/mockito/mockito-core/3.3.3/mockito-core-3.3.3.jar:/home/col/.m2/repository/net/bytebuddy/byte-buddy-agent/1.10.13/byte-buddy-agent-1.10.13.jar:/home/col/.m2/repository/org/objenesis/objenesis/2.6/objenesis-2.6.jar:/home/col/.m2/repository/org/mockito/mockito-junit-jupiter/3.3.3/mockito-junit-jupiter-3.3.3.jar:/home/col/.m2/repository/org/skyscreamer/jsonassert/1.5.0/jsonassert-1.5.0.jar:/home/col/.m2/repository/com/vaadin/external/google/android-json/0.0.20131108.vaadin1/android-json-0.0.20131108.vaadin1.jar:/home/col/.m2/repository/org/springframework/spring-core/5.2.8.RELEASE/spring-core-5.2.8.RELEASE.jar:/home/col/.m2/repository/org/springframework/spring-jcl/5.2.8.RELEASE/spring-jcl-5.2.8.RELEASE.jar:/home/col/.m2/repository/org/springframework/spring-test/5.2.8.RELEASE/spring-test-5.2.8.RELEASE.jar:/home/col/.m2/repository/org/xmlunit/xmlunit-core/2.7.0/xmlunit-core-2.7.0.jar:/home/col/.m2/repository/org/springframework/security/spring-security-test/5.3.3.RELEASE/spring-security-test-5.3.3.RELEASE.jar:/home/col/.m2/repository/org/springframework/security/spring-security-core/5.3.3.RELEASE/spring-security-core-5.3.3.RELEASE.jar:/home/col/.m2/repository/jakarta/validation/jakarta.validation-api/2.0.1/jakarta.validation-api-2.0.1.jar:"/>
    <property name="sun.cpu.endian" value="little"/>
    <property name="user.home" value="/home/col"/>
    <property name="user.language" value="fr"/>
    <property name="java.specification.vendor" value="Oracle Corporation"/>
    <property name="java.version.date" value="2023-10-17"/>
    <property name="java.home" value="/usr/lib/jvm/java-17-openjdk-17.0.9.0.9-3.fc38.x86_64"/>
    <property name="file.separator" value="/"/>
    <property name="basedir" value="/run/media/col/Data/DATA/TSP/CSN/globalLab/backend"/>
    <property name="java.vm.compressedOopsMode" value="Zero based"/>
    <property name="line.separator" value="&#10;"/>
    <property name="java.vm.specification.vendor" value="Oracle Corporation"/>
    <property name="java.specification.name" value="Java Platform API Specification"/>
    <property name="surefire.real.class.path" value="/run/media/col/Data/DATA/TSP/CSN/globalLab/backend/target/surefire/surefirebooter4539827027330738555.jar"/>
    <property name="sun.management.compiler" value="HotSpot 64-Bit Tiered Compilers"/>
    <property name="java.runtime.version" value="17.0.9+9"/>
    <property name="user.name" value="col"/>
    <property name="path.separator" value=":"/>
    <property name="os.version" value="6.7.3-100.fc38.x86_64"/>
    <property name="java.runtime.name" value="OpenJDK Runtime Environment"/>
    <property name="file.encoding" value="UTF-8"/>
    <property name="java.vm.name" value="OpenJDK 64-Bit Server VM"/>
    <property name="java.vendor.version" value="(Red_Hat-17.0.9.0.9-4)"/>
    <property name="localRepository" value="/home/col/.m2/repository"/>
    <property name="java.vendor.url.bug" value="https://bugzilla.redhat.com/enter_bug.cgi?product=Fedora&amp;component=java-17-openjdk&amp;version=38"/>
    <property name="java.io.tmpdir" value="/tmp"/>
    <property name="java.version" value="17.0.9"/>
    <property name="user.dir" value="/run/media/col/Data/DATA/TSP/CSN/globalLab/backend"/>
    <property name="os.arch" value="amd64"/>
    <property name="java.vm.specification.name" value="Java Virtual Machine Specification"/>
    <property name="native.encoding" value="UTF-8"/>
    <property name="java.library.path" value="/usr/java/packages/lib:/usr/lib64:/lib64:/lib:/usr/lib"/>
    <property name="java.vm.info" value="mixed mode, sharing"/>
    <property name="java.vendor" value="Red Hat, Inc."/>
    <property name="java.vm.version" value="17.0.9+9"/>
    <property name="sun.io.unicode.encoding" value="UnicodeLittle"/>
    <property name="java.class.version" value="61.0"/>
  </properties>
  <testcase name="contextLoads" classname="com.spring.springbootapp.DemoApplicationTests" time="0.005">
    <error message="Failed to load ApplicationContext" type="java.lang.IllegalStateException">java.lang.IllegalStateException: Failed to load ApplicationContext
Caused by: org.springframework.beans.factory.BeanCreationException: Error creating bean with name 'staffRepo' defined in com.spring.springbootapp.repository.StaffRepo defined in @EnableJpaRepositories declared on JpaRepositoriesRegistrar.EnableJpaRepositoriesConfiguration: Cannot resolve reference to bean 'jpaMappingContext' while setting bean property 'mappingContext'; nested exception is org.springframework.beans.factory.BeanCreationException: Error creating bean with name 'jpaMappingContext': Invocation of init method failed; nested exception is javax.persistence.PersistenceException: [PersistenceUnit: default] Unable to build Hibernate SessionFactory; nested exception is org.hibernate.exception.JDBCConnectionException: Unable to open JDBC Connection for DDL execution
Caused by: org.springframework.beans.factory.BeanCreationException: Error creating bean with name 'jpaMappingContext': Invocation of init method failed; nested exception is javax.persistence.PersistenceException: [PersistenceUnit: default] Unable to build Hibernate SessionFactory; nested exception is org.hibernate.exception.JDBCConnectionException: Unable to open JDBC Connection for DDL execution
Caused by: javax.persistence.PersistenceException: [PersistenceUnit: default] Unable to build Hibernate SessionFactory; nested exception is org.hibernate.exception.JDBCConnectionException: Unable to open JDBC Connection for DDL execution
Caused by: org.hibernate.exception.JDBCConnectionException: Unable to open JDBC Connection for DDL execution
Caused by: java.sql.SQLNonTransientConnectionException: Public Key Retrieval is not allowed
</error>
    <system-out><![CDATA[09:10:15.773 [main] DEBUG org.springframework.test.context.BootstrapUtils - Instantiating CacheAwareContextLoaderDelegate from class [org.springframework.test.context.cache.DefaultCacheAwareContextLoaderDelegate]
09:10:15.811 [main] DEBUG org.springframework.test.context.BootstrapUtils - Instantiating BootstrapContext using constructor [public org.springframework.test.context.support.DefaultBootstrapContext(java.lang.Class,org.springframework.test.context.CacheAwareContextLoaderDelegate)]
09:10:15.904 [main] DEBUG org.springframework.test.context.BootstrapUtils - Instantiating TestContextBootstrapper for test class [com.spring.springbootapp.DemoApplicationTests] from class [org.springframework.boot.test.context.SpringBootTestContextBootstrapper]
09:10:15.964 [main] INFO org.springframework.boot.test.context.SpringBootTestContextBootstrapper - Neither @ContextConfiguration nor @ContextHierarchy found for test class [com.spring.springbootapp.DemoApplicationTests], using SpringBootContextLoader
09:10:15.982 [main] DEBUG org.springframework.test.context.support.AbstractContextLoader - Did not detect default resource location for test class [com.spring.springbootapp.DemoApplicationTests]: class path resource [com/spring/springbootapp/DemoApplicationTests-context.xml] does not exist
09:10:15.985 [main] DEBUG org.springframework.test.context.support.AbstractContextLoader - Did not detect default resource location for test class [com.spring.springbootapp.DemoApplicationTests]: class path resource [com/spring/springbootapp/DemoApplicationTestsContext.groovy] does not exist
09:10:15.986 [main] INFO org.springframework.test.context.support.AbstractContextLoader - Could not detect default resource locations for test class [com.spring.springbootapp.DemoApplicationTests]: no resource found for suffixes {-context.xml, Context.groovy}.
09:10:15.990 [main] INFO org.springframework.test.context.support.AnnotationConfigContextLoaderUtils - Could not detect default configuration classes for test class [com.spring.springbootapp.DemoApplicationTests]: DemoApplicationTests does not declare any static, non-private, non-final, nested classes annotated with @Configuration.
09:10:16.183 [main] DEBUG org.springframework.test.context.support.ActiveProfilesUtils - Could not find an 'annotation declaring class' for annotation type [org.springframework.test.context.ActiveProfiles] and class [com.spring.springbootapp.DemoApplicationTests]
09:10:16.481 [main] DEBUG org.springframework.context.annotation.ClassPathScanningCandidateComponentProvider - Identified candidate component class: file [/run/media/col/Data/DATA/TSP/CSN/globalLab/backend/target/classes/com/spring/springbootapp/SpringbootApp.class]
09:10:16.486 [main] INFO org.springframework.boot.test.context.SpringBootTestContextBootstrapper - Found @SpringBootConfiguration com.spring.springbootapp.SpringbootApp for test class com.spring.springbootapp.DemoApplicationTests
09:10:16.888 [main] DEBUG org.springframework.boot.test.context.SpringBootTestContextBootstrapper - @TestExecutionListeners is not present for class [com.spring.springbootapp.DemoApplicationTests]: using defaults.
09:10:16.890 [main] INFO org.springframework.boot.test.context.SpringBootTestContextBootstrapper - Loaded default TestExecutionListener class names from location [META-INF/spring.factories]: [org.springframework.boot.test.mock.mockito.MockitoTestExecutionListener, org.springframework.boot.test.mock.mockito.ResetMocksTestExecutionListener, org.springframework.boot.test.autoconfigure.restdocs.RestDocsTestExecutionListener, org.springframework.boot.test.autoconfigure.web.client.MockRestServiceServerResetTestExecutionListener, org.springframework.boot.test.autoconfigure.web.servlet.MockMvcPrintOnlyOnFailureTestExecutionListener, org.springframework.boot.test.autoconfigure.web.servlet.WebDriverTestExecutionListener, org.springframework.boot.test.autoconfigure.webservices.client.MockWebServiceServerTestExecutionListener, org.springframework.test.context.web.ServletTestExecutionListener, org.springframework.test.context.support.DirtiesContextBeforeModesTestExecutionListener, org.springframework.test.context.support.DependencyInjectionTestExecutionListener, org.springframework.test.context.support.DirtiesContextTestExecutionListener, org.springframework.test.context.transaction.TransactionalTestExecutionListener, org.springframework.test.context.jdbc.SqlScriptsTestExecutionListener, org.springframework.test.context.event.EventPublishingTestExecutionListener, org.springframework.security.test.context.support.WithSecurityContextTestExecutionListener, org.springframework.security.test.context.support.ReactorContextTestExecutionListener]
09:10:16.965 [main] INFO org.springframework.boot.test.context.SpringBootTestContextBootstrapper - Using TestExecutionListeners: [org.springframework.test.context.web.ServletTestExecutionListener@11d8ae8b, org.springframework.test.context.support.DirtiesContextBeforeModesTestExecutionListener@479cbee5, org.springframework.boot.test.mock.mockito.MockitoTestExecutionListener@59e2d8e3, org.springframework.boot.test.autoconfigure.SpringBootDependencyInjectionTestExecutionListener@2b72cb8a, org.springframework.test.context.support.DirtiesContextTestExecutionListener@7f8a9499, org.springframework.test.context.transaction.TransactionalTestExecutionListener@5d43661b, org.springframework.test.context.jdbc.SqlScriptsTestExecutionListener@12299890, org.springframework.test.context.event.EventPublishingTestExecutionListener@2fba3fc4, org.springframework.security.test.context.support.WithSecurityContextTestExecutionListener@4bf48f6, org.springframework.security.test.context.support.ReactorContextTestExecutionListener@420a85c4, org.springframework.boot.test.mock.mockito.ResetMocksTestExecutionListener@1c39680d, org.springframework.boot.test.autoconfigure.restdocs.RestDocsTestExecutionListener@62833051, org.springframework.boot.test.autoconfigure.web.client.MockRestServiceServerResetTestExecutionListener@1c852c0f, org.springframework.boot.test.autoconfigure.web.servlet.MockMvcPrintOnlyOnFailureTestExecutionListener@a37aefe, org.springframework.boot.test.autoconfigure.web.servlet.WebDriverTestExecutionListener@5d99c6b5, org.springframework.boot.test.autoconfigure.webservices.client.MockWebServiceServerTestExecutionListener@266374ef]
09:10:16.979 [main] DEBUG org.springframework.test.context.support.AbstractDirtiesContextTestExecutionListener - Before test class: context [DefaultTestContext@4a3631f8 testClass = DemoApplicationTests, testInstance = [null], testMethod = [null], testException = [null], mergedContextConfiguration = [WebMergedContextConfiguration@6b58b9e9 testClass = DemoApplicationTests, locations = '{}', classes = '{class com.spring.springbootapp.SpringbootApp}', contextInitializerClasses = '[]', activeProfiles = '{}', propertySourceLocations = '{}', propertySourceProperties = '{org.springframework.boot.test.context.SpringBootTestContextBootstrapper=true}', contextCustomizers = set[org.springframework.boot.test.context.filter.ExcludeFilterContextCustomizer@4009e306, org.springframework.boot.test.json.DuplicateJsonObjectContextCustomizerFactory$DuplicateJsonObjectContextCustomizer@22fcf7ab, org.springframework.boot.test.mock.mockito.MockitoContextCustomizer@0, org.springframework.boot.test.web.client.TestRestTemplateContextCustomizer@1190200a, org.springframework.boot.test.autoconfigure.properties.PropertyMappingContextCustomizer@0, org.springframework.boot.test.autoconfigure.web.servlet.WebDriverContextCustomizerFactory$Customizer@762ef0ea, org.springframework.boot.test.context.SpringBootTestArgs@1], resourceBasePath = 'src/main/webapp', contextLoader = 'org.springframework.boot.test.context.SpringBootContextLoader', parent = [null]], attributes = map['org.springframework.test.context.web.ServletTestExecutionListener.activateListener' -> true]], class annotated with @DirtiesContext [false] with mode [null].
09:10:17.113 [main] DEBUG org.springframework.test.context.support.TestPropertySourceUtils - Adding inlined properties to environment: {spring.jmx.enabled=false, org.springframework.boot.test.context.SpringBootTestContextBootstrapper=true}

  .   ____          _            __ _ _
 /\\ / ___'_ __ _ _(_)_ __  __ _ \ \ \ \
( ( )\___ | '_ | '_| | '_ \/ _` | \ \ \ \
 \\/  ___)| |_)| | | | | || (_| |  ) ) ) )
  '  |____| .__|_| |_|_| |_\__, | / / / /
 =========|_|==============|___/=/_/_/_/
 :: Spring Boot ::        (v2.3.2.RELEASE)

2024-02-09 09:10:18.311  INFO 15854 --- [           main] c.s.springbootapp.DemoApplicationTests   : Starting DemoApplicationTests on col with PID 15854 (started by col in /run/media/col/Data/DATA/TSP/CSN/globalLab/backend)
2024-02-09 09:10:18.316  INFO 15854 --- [           main] c.s.springbootapp.DemoApplicationTests   : No active profile set, falling back to default profiles: default
2024-02-09 09:10:21.214  INFO 15854 --- [           main] .s.d.r.c.RepositoryConfigurationDelegate : Bootstrapping Spring Data JPA repositories in DEFERRED mode.
2024-02-09 09:10:21.514  INFO 15854 --- [           main] .s.d.r.c.RepositoryConfigurationDelegate : Finished Spring Data repository scanning in 269ms. Found 1 JPA repository interfaces.
2024-02-09 09:10:23.909  INFO 15854 --- [           main] o.s.s.concurrent.ThreadPoolTaskExecutor  : Initializing ExecutorService 'applicationTaskExecutor'
2024-02-09 09:10:24.208  INFO 15854 --- [         task-1] o.hibernate.jpa.internal.util.LogHelper  : HHH000204: Processing PersistenceUnitInfo [name: default]
2024-02-09 09:10:24.522  INFO 15854 --- [         task-1] org.hibernate.Version                    : HHH000412: Hibernate ORM core version 5.4.18.Final
2024-02-09 09:10:25.388  INFO 15854 --- [         task-1] o.hibernate.annotations.common.Version   : HCANN000001: Hibernate Commons Annotations {5.1.0.Final}
2024-02-09 09:10:25.474  WARN 15854 --- [           main] JpaBaseConfiguration$JpaWebConfiguration : spring.jpa.open-in-view is enabled by default. Therefore, database queries may be performed during view rendering. Explicitly configure spring.jpa.open-in-view to disable this warning
2024-02-09 09:10:26.137  INFO 15854 --- [         task-1] com.zaxxer.hikari.HikariDataSource       : HikariPool-1 - Starting...
2024-02-09 09:10:27.983 ERROR 15854 --- [         task-1] com.zaxxer.hikari.pool.HikariPool        : HikariPool-1 - Exception during pool initialization.

java.sql.SQLNonTransientConnectionException: Public Key Retrieval is not allowed
	at com.mysql.cj.jdbc.exceptions.SQLError.createSQLException(SQLError.java:110) ~[mysql-connector-java-8.0.21.jar:8.0.21]
	at com.mysql.cj.jdbc.exceptions.SQLError.createSQLException(SQLError.java:97) ~[mysql-connector-java-8.0.21.jar:8.0.21]
	at com.mysql.cj.jdbc.exceptions.SQLExceptionsMapping.translateException(SQLExceptionsMapping.java:122) ~[mysql-connector-java-8.0.21.jar:8.0.21]
	at com.mysql.cj.jdbc.ConnectionImpl.createNewIO(ConnectionImpl.java:836) ~[mysql-connector-java-8.0.21.jar:8.0.21]
	at com.mysql.cj.jdbc.ConnectionImpl.<init>(ConnectionImpl.java:456) ~[mysql-connector-java-8.0.21.jar:8.0.21]
	at com.mysql.cj.jdbc.ConnectionImpl.getInstance(ConnectionImpl.java:246) ~[mysql-connector-java-8.0.21.jar:8.0.21]
	at com.mysql.cj.jdbc.NonRegisteringDriver.connect(NonRegisteringDriver.java:197) ~[mysql-connector-java-8.0.21.jar:8.0.21]
	at com.zaxxer.hikari.util.DriverDataSource.getConnection(DriverDataSource.java:138) ~[HikariCP-3.4.5.jar:na]
	at com.zaxxer.hikari.pool.PoolBase.newConnection(PoolBase.java:358) ~[HikariCP-3.4.5.jar:na]
	at com.zaxxer.hikari.pool.PoolBase.newPoolEntry(PoolBase.java:206) ~[HikariCP-3.4.5.jar:na]
	at com.zaxxer.hikari.pool.HikariPool.createPoolEntry(HikariPool.java:477) ~[HikariCP-3.4.5.jar:na]
	at com.zaxxer.hikari.pool.HikariPool.checkFailFast(HikariPool.java:560) ~[HikariCP-3.4.5.jar:na]
	at com.zaxxer.hikari.pool.HikariPool.<init>(HikariPool.java:115) ~[HikariCP-3.4.5.jar:na]
	at com.zaxxer.hikari.HikariDataSource.getConnection(HikariDataSource.java:112) ~[HikariCP-3.4.5.jar:na]
	at org.hibernate.engine.jdbc.connections.internal.DatasourceConnectionProviderImpl.getConnection(DatasourceConnectionProviderImpl.java:122) ~[hibernate-core-5.4.18.Final.jar:5.4.18.Final]
	at org.hibernate.engine.jdbc.env.internal.JdbcEnvironmentInitiator$ConnectionProviderJdbcConnectionAccess.obtainConnection(JdbcEnvironmentInitiator.java:180) ~[hibernate-core-5.4.18.Final.jar:5.4.18.Final]
	at org.hibernate.engine.jdbc.env.internal.JdbcEnvironmentInitiator.initiateService(JdbcEnvironmentInitiator.java:68) ~[hibernate-core-5.4.18.Final.jar:5.4.18.Final]
	at org.hibernate.engine.jdbc.env.internal.JdbcEnvironmentInitiator.initiateService(JdbcEnvironmentInitiator.java:35) ~[hibernate-core-5.4.18.Final.jar:5.4.18.Final]
	at org.hibernate.boot.registry.internal.StandardServiceRegistryImpl.initiateService(StandardServiceRegistryImpl.java:101) ~[hibernate-core-5.4.18.Final.jar:5.4.18.Final]
	at org.hibernate.service.internal.AbstractServiceRegistryImpl.createService(AbstractServiceRegistryImpl.java:263) ~[hibernate-core-5.4.18.Final.jar:5.4.18.Final]
	at org.hibernate.service.internal.AbstractServiceRegistryImpl.initializeService(AbstractServiceRegistryImpl.java:237) ~[hibernate-core-5.4.18.Final.jar:5.4.18.Final]
	at org.hibernate.service.internal.AbstractServiceRegistryImpl.getService(AbstractServiceRegistryImpl.java:214) ~[hibernate-core-5.4.18.Final.jar:5.4.18.Final]
	at org.hibernate.id.factory.internal.DefaultIdentifierGeneratorFactory.injectServices(DefaultIdentifierGeneratorFactory.java:152) ~[hibernate-core-5.4.18.Final.jar:5.4.18.Final]
	at org.hibernate.service.internal.AbstractServiceRegistryImpl.injectDependencies(AbstractServiceRegistryImpl.java:286) ~[hibernate-core-5.4.18.Final.jar:5.4.18.Final]
	at org.hibernate.service.internal.AbstractServiceRegistryImpl.initializeService(AbstractServiceRegistryImpl.java:243) ~[hibernate-core-5.4.18.Final.jar:5.4.18.Final]
	at org.hibernate.service.internal.AbstractServiceRegistryImpl.getService(AbstractServiceRegistryImpl.java:214) ~[hibernate-core-5.4.18.Final.jar:5.4.18.Final]
	at org.hibernate.boot.internal.InFlightMetadataCollectorImpl.<init>(InFlightMetadataCollectorImpl.java:176) ~[hibernate-core-5.4.18.Final.jar:5.4.18.Final]
	at org.hibernate.boot.model.process.spi.MetadataBuildingProcess.complete(MetadataBuildingProcess.java:118) ~[hibernate-core-5.4.18.Final.jar:5.4.18.Final]
	at org.hibernate.jpa.boot.internal.EntityManagerFactoryBuilderImpl.metadata(EntityManagerFactoryBuilderImpl.java:1224) ~[hibernate-core-5.4.18.Final.jar:5.4.18.Final]
	at org.hibernate.jpa.boot.internal.EntityManagerFactoryBuilderImpl.build(EntityManagerFactoryBuilderImpl.java:1255) ~[hibernate-core-5.4.18.Final.jar:5.4.18.Final]
	at org.springframework.orm.jpa.vendor.SpringHibernateJpaPersistenceProvider.createContainerEntityManagerFactory(SpringHibernateJpaPersistenceProvider.java:58) ~[spring-orm-5.2.8.RELEASE.jar:5.2.8.RELEASE]
	at org.springframework.orm.jpa.LocalContainerEntityManagerFactoryBean.createNativeEntityManagerFactory(LocalContainerEntityManagerFactoryBean.java:365) ~[spring-orm-5.2.8.RELEASE.jar:5.2.8.RELEASE]
	at org.springframework.orm.jpa.AbstractEntityManagerFactoryBean.buildNativeEntityManagerFactory(AbstractEntityManagerFactoryBean.java:391) ~[spring-orm-5.2.8.RELEASE.jar:5.2.8.RELEASE]
	at java.base/java.util.concurrent.FutureTask.run(FutureTask.java:264) ~[na:na]
	at java.base/java.util.concurrent.ThreadPoolExecutor.runWorker(ThreadPoolExecutor.java:1136) ~[na:na]
	at java.base/java.util.concurrent.ThreadPoolExecutor$Worker.run(ThreadPoolExecutor.java:635) ~[na:na]
	at java.base/java.lang.Thread.run(Thread.java:840) ~[na:na]

2024-02-09 09:10:27.986  WARN 15854 --- [         task-1] o.h.e.j.e.i.JdbcEnvironmentInitiator     : HHH000342: Could not obtain connection to query metadata : Public Key Retrieval is not allowed
2024-02-09 09:10:28.082  INFO 15854 --- [         task-1] org.hibernate.dialect.Dialect            : HHH000400: Using dialect: org.hibernate.dialect.MySQL5InnoDBDialect
2024-02-09 09:10:29.032  INFO 15854 --- [           main] .s.s.UserDetailsServiceAutoConfiguration : 

Using generated security password: a1e3cd87-6060-45e9-aa8b-04f50d34d8b2

2024-02-09 09:10:30.126  INFO 15854 --- [           main] o.s.s.web.DefaultSecurityFilterChain     : Creating filter chain: any request, [org.springframework.security.web.context.request.async.WebAsyncManagerIntegrationFilter@636985df, org.springframework.security.web.context.SecurityContextPersistenceFilter@634f58d2, org.springframework.security.web.header.HeaderWriterFilter@52a7928a, org.springframework.security.web.csrf.CsrfFilter@48bc2fce, org.springframework.security.web.authentication.logout.LogoutFilter@4f1afe8f, org.springframework.security.web.authentication.UsernamePasswordAuthenticationFilter@14b4340c, org.springframework.security.web.authentication.ui.DefaultLoginPageGeneratingFilter@261f359f, org.springframework.security.web.authentication.ui.DefaultLogoutPageGeneratingFilter@6f91fbda, org.springframework.security.web.authentication.www.BasicAuthenticationFilter@34279b8a, org.springframework.security.web.savedrequest.RequestCacheAwareFilter@30f28b5, org.springframework.security.web.servletapi.SecurityContextHolderAwareRequestFilter@601d6622, org.springframework.security.web.authentication.AnonymousAuthenticationFilter@723e3c17, org.springframework.security.web.session.SessionManagementFilter@478fb7dc, org.springframework.security.web.access.ExceptionTranslationFilter@39023dbf, org.springframework.security.web.access.intercept.FilterSecurityInterceptor@2589d787]
2024-02-09 09:10:30.492  INFO 15854 --- [           main] DeferredRepositoryInitializationListener : Triggering deferred initialization of Spring Data repositories…
2024-02-09 09:10:31.670  INFO 15854 --- [         task-1] com.zaxxer.hikari.HikariDataSource       : HikariPool-1 - Starting...
2024-02-09 09:10:32.681 ERROR 15854 --- [         task-1] com.zaxxer.hikari.pool.HikariPool        : HikariPool-1 - Exception during pool initialization.

java.sql.SQLNonTransientConnectionException: Public Key Retrieval is not allowed
	at com.mysql.cj.jdbc.exceptions.SQLError.createSQLException(SQLError.java:110) ~[mysql-connector-java-8.0.21.jar:8.0.21]
	at com.mysql.cj.jdbc.exceptions.SQLError.createSQLException(SQLError.java:97) ~[mysql-connector-java-8.0.21.jar:8.0.21]
	at com.mysql.cj.jdbc.exceptions.SQLExceptionsMapping.translateException(SQLExceptionsMapping.java:122) ~[mysql-connector-java-8.0.21.jar:8.0.21]
	at com.mysql.cj.jdbc.ConnectionImpl.createNewIO(ConnectionImpl.java:836) ~[mysql-connector-java-8.0.21.jar:8.0.21]
	at com.mysql.cj.jdbc.ConnectionImpl.<init>(ConnectionImpl.java:456) ~[mysql-connector-java-8.0.21.jar:8.0.21]
	at com.mysql.cj.jdbc.ConnectionImpl.getInstance(ConnectionImpl.java:246) ~[mysql-connector-java-8.0.21.jar:8.0.21]
	at com.mysql.cj.jdbc.NonRegisteringDriver.connect(NonRegisteringDriver.java:197) ~[mysql-connector-java-8.0.21.jar:8.0.21]
	at com.zaxxer.hikari.util.DriverDataSource.getConnection(DriverDataSource.java:138) ~[HikariCP-3.4.5.jar:na]
	at com.zaxxer.hikari.pool.PoolBase.newConnection(PoolBase.java:358) ~[HikariCP-3.4.5.jar:na]
	at com.zaxxer.hikari.pool.PoolBase.newPoolEntry(PoolBase.java:206) ~[HikariCP-3.4.5.jar:na]
	at com.zaxxer.hikari.pool.HikariPool.createPoolEntry(HikariPool.java:477) ~[HikariCP-3.4.5.jar:na]
	at com.zaxxer.hikari.pool.HikariPool.checkFailFast(HikariPool.java:560) ~[HikariCP-3.4.5.jar:na]
	at com.zaxxer.hikari.pool.HikariPool.<init>(HikariPool.java:115) ~[HikariCP-3.4.5.jar:na]
	at com.zaxxer.hikari.HikariDataSource.getConnection(HikariDataSource.java:112) ~[HikariCP-3.4.5.jar:na]
	at org.hibernate.engine.jdbc.connections.internal.DatasourceConnectionProviderImpl.getConnection(DatasourceConnectionProviderImpl.java:122) ~[hibernate-core-5.4.18.Final.jar:5.4.18.Final]
	at org.hibernate.engine.jdbc.env.internal.JdbcEnvironmentInitiator$ConnectionProviderJdbcConnectionAccess.obtainConnection(JdbcEnvironmentInitiator.java:180) ~[hibernate-core-5.4.18.Final.jar:5.4.18.Final]
	at org.hibernate.resource.transaction.backend.jdbc.internal.DdlTransactionIsolatorNonJtaImpl.getIsolatedConnection(DdlTransactionIsolatorNonJtaImpl.java:43) ~[hibernate-core-5.4.18.Final.jar:5.4.18.Final]
	at org.hibernate.tool.schema.internal.exec.ImprovedExtractionContextImpl.getJdbcConnection(ImprovedExtractionContextImpl.java:60) ~[hibernate-core-5.4.18.Final.jar:5.4.18.Final]
	at org.hibernate.tool.schema.internal.exec.ImprovedExtractionContextImpl.getJdbcDatabaseMetaData(ImprovedExtractionContextImpl.java:67) ~[hibernate-core-5.4.18.Final.jar:5.4.18.Final]
	at org.hibernate.tool.schema.extract.internal.InformationExtractorJdbcDatabaseMetaDataImpl.getTables(InformationExtractorJdbcDatabaseMetaDataImpl.java:333) ~[hibernate-core-5.4.18.Final.jar:5.4.18.Final]
	at org.hibernate.tool.schema.extract.internal.DatabaseInformationImpl.getTablesInformation(DatabaseInformationImpl.java:120) ~[hibernate-core-5.4.18.Final.jar:5.4.18.Final]
	at org.hibernate.tool.schema.internal.GroupedSchemaMigratorImpl.performTablesMigration(GroupedSchemaMigratorImpl.java:65) ~[hibernate-core-5.4.18.Final.jar:5.4.18.Final]
	at org.hibernate.tool.schema.internal.AbstractSchemaMigrator.performMigration(AbstractSchemaMigrator.java:207) ~[hibernate-core-5.4.18.Final.jar:5.4.18.Final]
	at org.hibernate.tool.schema.internal.AbstractSchemaMigrator.doMigration(AbstractSchemaMigrator.java:114) ~[hibernate-core-5.4.18.Final.jar:5.4.18.Final]
	at org.hibernate.tool.schema.spi.SchemaManagementToolCoordinator.performDatabaseAction(SchemaManagementToolCoordinator.java:184) ~[hibernate-core-5.4.18.Final.jar:5.4.18.Final]
	at org.hibernate.tool.schema.spi.SchemaManagementToolCoordinator.process(SchemaManagementToolCoordinator.java:73) ~[hibernate-core-5.4.18.Final.jar:5.4.18.Final]
	at org.hibernate.internal.SessionFactoryImpl.<init>(SessionFactoryImpl.java:316) ~[hibernate-core-5.4.18.Final.jar:5.4.18.Final]
	at org.hibernate.boot.internal.SessionFactoryBuilderImpl.build(SessionFactoryBuilderImpl.java:469) ~[hibernate-core-5.4.18.Final.jar:5.4.18.Final]
	at org.hibernate.jpa.boot.internal.EntityManagerFactoryBuilderImpl.build(EntityManagerFactoryBuilderImpl.java:1259) ~[hibernate-core-5.4.18.Final.jar:5.4.18.Final]
	at org.springframework.orm.jpa.vendor.SpringHibernateJpaPersistenceProvider.createContainerEntityManagerFactory(SpringHibernateJpaPersistenceProvider.java:58) ~[spring-orm-5.2.8.RELEASE.jar:5.2.8.RELEASE]
	at org.springframework.orm.jpa.LocalContainerEntityManagerFactoryBean.createNativeEntityManagerFactory(LocalContainerEntityManagerFactoryBean.java:365) ~[spring-orm-5.2.8.RELEASE.jar:5.2.8.RELEASE]
	at org.springframework.orm.jpa.AbstractEntityManagerFactoryBean.buildNativeEntityManagerFactory(AbstractEntityManagerFactoryBean.java:391) ~[spring-orm-5.2.8.RELEASE.jar:5.2.8.RELEASE]
	at java.base/java.util.concurrent.FutureTask.run(FutureTask.java:264) ~[na:na]
	at java.base/java.util.concurrent.ThreadPoolExecutor.runWorker(ThreadPoolExecutor.java:1136) ~[na:na]
	at java.base/java.util.concurrent.ThreadPoolExecutor$Worker.run(ThreadPoolExecutor.java:635) ~[na:na]
	at java.base/java.lang.Thread.run(Thread.java:840) ~[na:na]

2024-02-09 09:10:32.687  WARN 15854 --- [         task-1] o.h.engine.jdbc.spi.SqlExceptionHelper   : SQL Error: 0, SQLState: 08001
2024-02-09 09:10:32.687 ERROR 15854 --- [         task-1] o.h.engine.jdbc.spi.SqlExceptionHelper   : Public Key Retrieval is not allowed
2024-02-09 09:10:32.706  WARN 15854 --- [           main] o.s.w.c.s.GenericWebApplicationContext   : Exception encountered during context initialization - cancelling refresh attempt: org.springframework.beans.factory.BeanCreationException: Error creating bean with name 'staffRepo' defined in com.spring.springbootapp.repository.StaffRepo defined in @EnableJpaRepositories declared on JpaRepositoriesRegistrar.EnableJpaRepositoriesConfiguration: Cannot resolve reference to bean 'jpaMappingContext' while setting bean property 'mappingContext'; nested exception is org.springframework.beans.factory.BeanCreationException: Error creating bean with name 'jpaMappingContext': Invocation of init method failed; nested exception is javax.persistence.PersistenceException: [PersistenceUnit: default] Unable to build Hibernate SessionFactory; nested exception is org.hibernate.exception.JDBCConnectionException: Unable to open JDBC Connection for DDL execution
2024-02-09 09:10:32.713  INFO 15854 --- [           main] j.LocalContainerEntityManagerFactoryBean : Closing JPA EntityManagerFactory for persistence unit 'default'
2024-02-09 09:10:32.714  WARN 15854 --- [           main] o.s.b.f.support.DisposableBeanAdapter    : Invocation of destroy method failed on bean with name 'entityManagerFactory': javax.persistence.PersistenceException: [PersistenceUnit: default] Unable to build Hibernate SessionFactory; nested exception is org.hibernate.exception.JDBCConnectionException: Unable to open JDBC Connection for DDL execution
2024-02-09 09:10:32.715  INFO 15854 --- [           main] o.s.s.concurrent.ThreadPoolTaskExecutor  : Shutting down ExecutorService 'applicationTaskExecutor'
2024-02-09 09:10:32.756  INFO 15854 --- [           main] ConditionEvaluationReportLoggingListener : 

Error starting ApplicationContext. To display the conditions report re-run your application with 'debug' enabled.
2024-02-09 09:10:32.771 ERROR 15854 --- [           main] o.s.boot.SpringApplication               : Application run failed

org.springframework.beans.factory.BeanCreationException: Error creating bean with name 'staffRepo' defined in com.spring.springbootapp.repository.StaffRepo defined in @EnableJpaRepositories declared on JpaRepositoriesRegistrar.EnableJpaRepositoriesConfiguration: Cannot resolve reference to bean 'jpaMappingContext' while setting bean property 'mappingContext'; nested exception is org.springframework.beans.factory.BeanCreationException: Error creating bean with name 'jpaMappingContext': Invocation of init method failed; nested exception is javax.persistence.PersistenceException: [PersistenceUnit: default] Unable to build Hibernate SessionFactory; nested exception is org.hibernate.exception.JDBCConnectionException: Unable to open JDBC Connection for DDL execution
	at org.springframework.beans.factory.support.BeanDefinitionValueResolver.resolveReference(BeanDefinitionValueResolver.java:342) ~[spring-beans-5.2.8.RELEASE.jar:5.2.8.RELEASE]
	at org.springframework.beans.factory.support.BeanDefinitionValueResolver.resolveValueIfNecessary(BeanDefinitionValueResolver.java:113) ~[spring-beans-5.2.8.RELEASE.jar:5.2.8.RELEASE]
	at org.springframework.beans.factory.support.AbstractAutowireCapableBeanFactory.applyPropertyValues(AbstractAutowireCapableBeanFactory.java:1697) ~[spring-beans-5.2.8.RELEASE.jar:5.2.8.RELEASE]
	at org.springframework.beans.factory.support.AbstractAutowireCapableBeanFactory.populateBean(AbstractAutowireCapableBeanFactory.java:1442) ~[spring-beans-5.2.8.RELEASE.jar:5.2.8.RELEASE]
	at org.springframework.beans.factory.support.AbstractAutowireCapableBeanFactory.doCreateBean(AbstractAutowireCapableBeanFactory.java:593) ~[spring-beans-5.2.8.RELEASE.jar:5.2.8.RELEASE]
	at org.springframework.beans.factory.support.AbstractAutowireCapableBeanFactory.createBean(AbstractAutowireCapableBeanFactory.java:516) ~[spring-beans-5.2.8.RELEASE.jar:5.2.8.RELEASE]
	at org.springframework.beans.factory.support.AbstractBeanFactory.lambda$doGetBean$0(AbstractBeanFactory.java:324) ~[spring-beans-5.2.8.RELEASE.jar:5.2.8.RELEASE]
	at org.springframework.beans.factory.support.DefaultSingletonBeanRegistry.getSingleton(DefaultSingletonBeanRegistry.java:226) ~[spring-beans-5.2.8.RELEASE.jar:5.2.8.RELEASE]
	at org.springframework.beans.factory.support.AbstractBeanFactory.doGetBean(AbstractBeanFactory.java:322) ~[spring-beans-5.2.8.RELEASE.jar:5.2.8.RELEASE]
	at org.springframework.beans.factory.support.AbstractBeanFactory.getBean(AbstractBeanFactory.java:202) ~[spring-beans-5.2.8.RELEASE.jar:5.2.8.RELEASE]
	at org.springframework.beans.factory.support.DefaultListableBeanFactory.getBeansOfType(DefaultListableBeanFactory.java:624) ~[spring-beans-5.2.8.RELEASE.jar:5.2.8.RELEASE]
	at org.springframework.beans.factory.support.DefaultListableBeanFactory.getBeansOfType(DefaultListableBeanFactory.java:612) ~[spring-beans-5.2.8.RELEASE.jar:5.2.8.RELEASE]
	at org.springframework.data.repository.config.DeferredRepositoryInitializationListener.onApplicationEvent(DeferredRepositoryInitializationListener.java:51) ~[spring-data-commons-2.3.2.RELEASE.jar:2.3.2.RELEASE]
	at org.springframework.data.repository.config.DeferredRepositoryInitializationListener.onApplicationEvent(DeferredRepositoryInitializationListener.java:36) ~[spring-data-commons-2.3.2.RELEASE.jar:2.3.2.RELEASE]
	at org.springframework.context.event.SimpleApplicationEventMulticaster.doInvokeListener(SimpleApplicationEventMulticaster.java:172) ~[spring-context-5.2.8.RELEASE.jar:5.2.8.RELEASE]
	at org.springframework.context.event.SimpleApplicationEventMulticaster.invokeListener(SimpleApplicationEventMulticaster.java:165) ~[spring-context-5.2.8.RELEASE.jar:5.2.8.RELEASE]
	at org.springframework.context.event.SimpleApplicationEventMulticaster.multicastEvent(SimpleApplicationEventMulticaster.java:139) ~[spring-context-5.2.8.RELEASE.jar:5.2.8.RELEASE]
	at org.springframework.context.support.AbstractApplicationContext.publishEvent(AbstractApplicationContext.java:404) ~[spring-context-5.2.8.RELEASE.jar:5.2.8.RELEASE]
	at org.springframework.context.support.AbstractApplicationContext.publishEvent(AbstractApplicationContext.java:361) ~[spring-context-5.2.8.RELEASE.jar:5.2.8.RELEASE]
	at org.springframework.context.support.AbstractApplicationContext.finishRefresh(AbstractApplicationContext.java:898) ~[spring-context-5.2.8.RELEASE.jar:5.2.8.RELEASE]
	at org.springframework.context.support.AbstractApplicationContext.refresh(AbstractApplicationContext.java:554) ~[spring-context-5.2.8.RELEASE.jar:5.2.8.RELEASE]
	at org.springframework.boot.SpringApplication.refresh(SpringApplication.java:758) ~[spring-boot-2.3.2.RELEASE.jar:2.3.2.RELEASE]
	at org.springframework.boot.SpringApplication.refresh(SpringApplication.java:750) ~[spring-boot-2.3.2.RELEASE.jar:2.3.2.RELEASE]
	at org.springframework.boot.SpringApplication.refreshContext(SpringApplication.java:397) ~[spring-boot-2.3.2.RELEASE.jar:2.3.2.RELEASE]
	at org.springframework.boot.SpringApplication.run(SpringApplication.java:315) ~[spring-boot-2.3.2.RELEASE.jar:2.3.2.RELEASE]
	at org.springframework.boot.test.context.SpringBootContextLoader.loadContext(SpringBootContextLoader.java:120) ~[spring-boot-test-2.3.2.RELEASE.jar:2.3.2.RELEASE]
	at org.springframework.test.context.cache.DefaultCacheAwareContextLoaderDelegate.loadContextInternal(DefaultCacheAwareContextLoaderDelegate.java:99) ~[spring-test-5.2.8.RELEASE.jar:5.2.8.RELEASE]
	at org.springframework.test.context.cache.DefaultCacheAwareContextLoaderDelegate.loadContext(DefaultCacheAwareContextLoaderDelegate.java:124) ~[spring-test-5.2.8.RELEASE.jar:5.2.8.RELEASE]
	at org.springframework.test.context.support.DefaultTestContext.getApplicationContext(DefaultTestContext.java:123) ~[spring-test-5.2.8.RELEASE.jar:5.2.8.RELEASE]
	at org.springframework.test.context.web.ServletTestExecutionListener.setUpRequestContextIfNecessary(ServletTestExecutionListener.java:190) ~[spring-test-5.2.8.RELEASE.jar:5.2.8.RELEASE]
	at org.springframework.test.context.web.ServletTestExecutionListener.prepareTestInstance(ServletTestExecutionListener.java:132) ~[spring-test-5.2.8.RELEASE.jar:5.2.8.RELEASE]
	at org.springframework.test.context.TestContextManager.prepareTestInstance(TestContextManager.java:244) ~[spring-test-5.2.8.RELEASE.jar:5.2.8.RELEASE]
	at org.springframework.test.context.junit.jupiter.SpringExtension.postProcessTestInstance(SpringExtension.java:98) ~[spring-test-5.2.8.RELEASE.jar:5.2.8.RELEASE]
	at org.junit.jupiter.engine.descriptor.ClassBasedTestDescriptor.lambda$invokeTestInstancePostProcessors$5(ClassBasedTestDescriptor.java:341) ~[junit-jupiter-engine-5.6.2.jar:5.6.2]
	at org.junit.jupiter.engine.descriptor.ClassBasedTestDescriptor.executeAndMaskThrowable(ClassBasedTestDescriptor.java:346) ~[junit-jupiter-engine-5.6.2.jar:5.6.2]
	at org.junit.jupiter.engine.descriptor.ClassBasedTestDescriptor.lambda$invokeTestInstancePostProcessors$6(ClassBasedTestDescriptor.java:341) ~[junit-jupiter-engine-5.6.2.jar:5.6.2]
	at java.base/java.util.stream.ReferencePipeline$3$1.accept(ReferencePipeline.java:197) ~[na:na]
	at java.base/java.util.stream.ReferencePipeline$2$1.accept(ReferencePipeline.java:179) ~[na:na]
	at java.base/java.util.ArrayList$ArrayListSpliterator.forEachRemaining(ArrayList.java:1625) ~[na:na]
	at java.base/java.util.stream.AbstractPipeline.copyInto(AbstractPipeline.java:509) ~[na:na]
	at java.base/java.util.stream.AbstractPipeline.wrapAndCopyInto(AbstractPipeline.java:499) ~[na:na]
	at java.base/java.util.stream.StreamSpliterators$WrappingSpliterator.forEachRemaining(StreamSpliterators.java:310) ~[na:na]
	at java.base/java.util.stream.Streams$ConcatSpliterator.forEachRemaining(Streams.java:735) ~[na:na]
	at java.base/java.util.stream.Streams$ConcatSpliterator.forEachRemaining(Streams.java:734) ~[na:na]
	at java.base/java.util.stream.ReferencePipeline$Head.forEach(ReferencePipeline.java:762) ~[na:na]
	at org.junit.jupiter.engine.descriptor.ClassBasedTestDescriptor.invokeTestInstancePostProcessors(ClassBasedTestDescriptor.java:340) ~[junit-jupiter-engine-5.6.2.jar:5.6.2]
	at org.junit.jupiter.engine.descriptor.ClassBasedTestDescriptor.instantiateAndPostProcessTestInstance(ClassBasedTestDescriptor.java:263) ~[junit-jupiter-engine-5.6.2.jar:5.6.2]
	at org.junit.jupiter.engine.descriptor.ClassBasedTestDescriptor.lambda$testInstancesProvider$2(ClassBasedTestDescriptor.java:256) ~[junit-jupiter-engine-5.6.2.jar:5.6.2]
	at java.base/java.util.Optional.orElseGet(Optional.java:364) ~[na:na]
	at org.junit.jupiter.engine.descriptor.ClassBasedTestDescriptor.lambda$testInstancesProvider$3(ClassBasedTestDescriptor.java:255) ~[junit-jupiter-engine-5.6.2.jar:5.6.2]
	at org.junit.jupiter.engine.execution.TestInstancesProvider.getTestInstances(TestInstancesProvider.java:29) ~[junit-jupiter-engine-5.6.2.jar:5.6.2]
	at org.junit.jupiter.engine.descriptor.TestMethodTestDescriptor.lambda$prepare$0(TestMethodTestDescriptor.java:108) ~[junit-jupiter-engine-5.6.2.jar:5.6.2]
	at org.junit.platform.engine.support.hierarchical.ThrowableCollector.execute(ThrowableCollector.java:73) ~[junit-platform-engine-1.6.2.jar:1.6.2]
	at org.junit.jupiter.engine.descriptor.TestMethodTestDescriptor.prepare(TestMethodTestDescriptor.java:107) ~[junit-jupiter-engine-5.6.2.jar:5.6.2]
	at org.junit.jupiter.engine.descriptor.TestMethodTestDescriptor.prepare(TestMethodTestDescriptor.java:71) ~[junit-jupiter-engine-5.6.2.jar:5.6.2]
	at org.junit.platform.engine.support.hierarchical.NodeTestTask.lambda$prepare$1(NodeTestTask.java:107) ~[junit-platform-engine-1.6.2.jar:1.6.2]
	at org.junit.platform.engine.support.hierarchical.ThrowableCollector.execute(ThrowableCollector.java:73) ~[junit-platform-engine-1.6.2.jar:1.6.2]
	at org.junit.platform.engine.support.hierarchical.NodeTestTask.prepare(NodeTestTask.java:107) ~[junit-platform-engine-1.6.2.jar:1.6.2]
	at org.junit.platform.engine.support.hierarchical.NodeTestTask.execute(NodeTestTask.java:75) ~[junit-platform-engine-1.6.2.jar:1.6.2]
	at java.base/java.util.ArrayList.forEach(ArrayList.java:1511) ~[na:na]
	at org.junit.platform.engine.support.hierarchical.SameThreadHierarchicalTestExecutorService.invokeAll(SameThreadHierarchicalTestExecutorService.java:38) ~[junit-platform-engine-1.6.2.jar:1.6.2]
	at org.junit.platform.engine.support.hierarchical.NodeTestTask.lambda$executeRecursively$5(NodeTestTask.java:139) ~[junit-platform-engine-1.6.2.jar:1.6.2]
	at org.junit.platform.engine.support.hierarchical.ThrowableCollector.execute(ThrowableCollector.java:73) ~[junit-platform-engine-1.6.2.jar:1.6.2]
	at org.junit.platform.engine.support.hierarchical.NodeTestTask.lambda$executeRecursively$7(NodeTestTask.java:125) ~[junit-platform-engine-1.6.2.jar:1.6.2]
	at org.junit.platform.engine.support.hierarchical.Node.around(Node.java:135) ~[junit-platform-engine-1.6.2.jar:1.6.2]
	at org.junit.platform.engine.support.hierarchical.NodeTestTask.lambda$executeRecursively$8(NodeTestTask.java:123) ~[junit-platform-engine-1.6.2.jar:1.6.2]
	at org.junit.platform.engine.support.hierarchical.ThrowableCollector.execute(ThrowableCollector.java:73) ~[junit-platform-engine-1.6.2.jar:1.6.2]
	at org.junit.platform.engine.support.hierarchical.NodeTestTask.executeRecursively(NodeTestTask.java:122) ~[junit-platform-engine-1.6.2.jar:1.6.2]
	at org.junit.platform.engine.support.hierarchical.NodeTestTask.execute(NodeTestTask.java:80) ~[junit-platform-engine-1.6.2.jar:1.6.2]
	at java.base/java.util.ArrayList.forEach(ArrayList.java:1511) ~[na:na]
	at org.junit.platform.engine.support.hierarchical.SameThreadHierarchicalTestExecutorService.invokeAll(SameThreadHierarchicalTestExecutorService.java:38) ~[junit-platform-engine-1.6.2.jar:1.6.2]
	at org.junit.platform.engine.support.hierarchical.NodeTestTask.lambda$executeRecursively$5(NodeTestTask.java:139) ~[junit-platform-engine-1.6.2.jar:1.6.2]
	at org.junit.platform.engine.support.hierarchical.ThrowableCollector.execute(ThrowableCollector.java:73) ~[junit-platform-engine-1.6.2.jar:1.6.2]
	at org.junit.platform.engine.support.hierarchical.NodeTestTask.lambda$executeRecursively$7(NodeTestTask.java:125) ~[junit-platform-engine-1.6.2.jar:1.6.2]
	at org.junit.platform.engine.support.hierarchical.Node.around(Node.java:135) ~[junit-platform-engine-1.6.2.jar:1.6.2]
	at org.junit.platform.engine.support.hierarchical.NodeTestTask.lambda$executeRecursively$8(NodeTestTask.java:123) ~[junit-platform-engine-1.6.2.jar:1.6.2]
	at org.junit.platform.engine.support.hierarchical.ThrowableCollector.execute(ThrowableCollector.java:73) ~[junit-platform-engine-1.6.2.jar:1.6.2]
	at org.junit.platform.engine.support.hierarchical.NodeTestTask.executeRecursively(NodeTestTask.java:122) ~[junit-platform-engine-1.6.2.jar:1.6.2]
	at org.junit.platform.engine.support.hierarchical.NodeTestTask.execute(NodeTestTask.java:80) ~[junit-platform-engine-1.6.2.jar:1.6.2]
	at org.junit.platform.engine.support.hierarchical.SameThreadHierarchicalTestExecutorService.submit(SameThreadHierarchicalTestExecutorService.java:32) ~[junit-platform-engine-1.6.2.jar:1.6.2]
	at org.junit.platform.engine.support.hierarchical.HierarchicalTestExecutor.execute(HierarchicalTestExecutor.java:57) ~[junit-platform-engine-1.6.2.jar:1.6.2]
	at org.junit.platform.engine.support.hierarchical.HierarchicalTestEngine.execute(HierarchicalTestEngine.java:51) ~[junit-platform-engine-1.6.2.jar:1.6.2]
	at org.junit.platform.launcher.core.DefaultLauncher.execute(DefaultLauncher.java:220) ~[junit-platform-launcher-1.3.1.jar:1.3.1]
	at org.junit.platform.launcher.core.DefaultLauncher.lambda$execute$6(DefaultLauncher.java:188) ~[junit-platform-launcher-1.3.1.jar:1.3.1]
	at org.junit.platform.launcher.core.DefaultLauncher.withInterceptedStreams(DefaultLauncher.java:202) ~[junit-platform-launcher-1.3.1.jar:1.3.1]
	at org.junit.platform.launcher.core.DefaultLauncher.execute(DefaultLauncher.java:181) ~[junit-platform-launcher-1.3.1.jar:1.3.1]
	at org.junit.platform.launcher.core.DefaultLauncher.execute(DefaultLauncher.java:128) ~[junit-platform-launcher-1.3.1.jar:1.3.1]
	at org.apache.maven.surefire.junitplatform.JUnitPlatformProvider.invokeAllTests(JUnitPlatformProvider.java:150) ~[surefire-junit-platform-2.22.2.jar:2.22.2]
	at org.apache.maven.surefire.junitplatform.JUnitPlatformProvider.invoke(JUnitPlatformProvider.java:124) ~[surefire-junit-platform-2.22.2.jar:2.22.2]
	at org.apache.maven.surefire.booter.ForkedBooter.invokeProviderInSameClassLoader(ForkedBooter.java:384) ~[surefire-booter-2.22.2.jar:2.22.2]
	at org.apache.maven.surefire.booter.ForkedBooter.runSuitesInProcess(ForkedBooter.java:345) ~[surefire-booter-2.22.2.jar:2.22.2]
	at org.apache.maven.surefire.booter.ForkedBooter.execute(ForkedBooter.java:126) ~[surefire-booter-2.22.2.jar:2.22.2]
	at org.apache.maven.surefire.booter.ForkedBooter.main(ForkedBooter.java:418) ~[surefire-booter-2.22.2.jar:2.22.2]
Caused by: org.springframework.beans.factory.BeanCreationException: Error creating bean with name 'jpaMappingContext': Invocation of init method failed; nested exception is javax.persistence.PersistenceException: [PersistenceUnit: default] Unable to build Hibernate SessionFactory; nested exception is org.hibernate.exception.JDBCConnectionException: Unable to open JDBC Connection for DDL execution
	at org.springframework.beans.factory.support.AbstractAutowireCapableBeanFactory.initializeBean(AbstractAutowireCapableBeanFactory.java:1794) ~[spring-beans-5.2.8.RELEASE.jar:5.2.8.RELEASE]
	at org.springframework.beans.factory.support.AbstractAutowireCapableBeanFactory.doCreateBean(AbstractAutowireCapableBeanFactory.java:594) ~[spring-beans-5.2.8.RELEASE.jar:5.2.8.RELEASE]
	at org.springframework.beans.factory.support.AbstractAutowireCapableBeanFactory.createBean(AbstractAutowireCapableBeanFactory.java:516) ~[spring-beans-5.2.8.RELEASE.jar:5.2.8.RELEASE]
	at org.springframework.beans.factory.support.AbstractBeanFactory.lambda$doGetBean$0(AbstractBeanFactory.java:324) ~[spring-beans-5.2.8.RELEASE.jar:5.2.8.RELEASE]
	at org.springframework.beans.factory.support.DefaultSingletonBeanRegistry.getSingleton(DefaultSingletonBeanRegistry.java:226) ~[spring-beans-5.2.8.RELEASE.jar:5.2.8.RELEASE]
	at org.springframework.beans.factory.support.AbstractBeanFactory.doGetBean(AbstractBeanFactory.java:322) ~[spring-beans-5.2.8.RELEASE.jar:5.2.8.RELEASE]
	at org.springframework.beans.factory.support.AbstractBeanFactory.getBean(AbstractBeanFactory.java:202) ~[spring-beans-5.2.8.RELEASE.jar:5.2.8.RELEASE]
	at org.springframework.beans.factory.support.BeanDefinitionValueResolver.resolveReference(BeanDefinitionValueResolver.java:330) ~[spring-beans-5.2.8.RELEASE.jar:5.2.8.RELEASE]
	... 92 common frames omitted
Caused by: javax.persistence.PersistenceException: [PersistenceUnit: default] Unable to build Hibernate SessionFactory; nested exception is org.hibernate.exception.JDBCConnectionException: Unable to open JDBC Connection for DDL execution
	at org.springframework.orm.jpa.AbstractEntityManagerFactoryBean.buildNativeEntityManagerFactory(AbstractEntityManagerFactoryBean.java:403) ~[spring-orm-5.2.8.RELEASE.jar:5.2.8.RELEASE]
	at java.base/java.util.concurrent.FutureTask.run(FutureTask.java:264) ~[na:na]
	at java.base/java.util.concurrent.ThreadPoolExecutor.runWorker(ThreadPoolExecutor.java:1136) ~[na:na]
	at java.base/java.util.concurrent.ThreadPoolExecutor$Worker.run(ThreadPoolExecutor.java:635) ~[na:na]
	at java.base/java.lang.Thread.run(Thread.java:840) ~[na:na]
Caused by: org.hibernate.exception.JDBCConnectionException: Unable to open JDBC Connection for DDL execution
	at org.hibernate.exception.internal.SQLExceptionTypeDelegate.convert(SQLExceptionTypeDelegate.java:48) ~[hibernate-core-5.4.18.Final.jar:5.4.18.Final]
	at org.hibernate.exception.internal.StandardSQLExceptionConverter.convert(StandardSQLExceptionConverter.java:42) ~[hibernate-core-5.4.18.Final.jar:5.4.18.Final]
	at org.hibernate.engine.jdbc.spi.SqlExceptionHelper.convert(SqlExceptionHelper.java:113) ~[hibernate-core-5.4.18.Final.jar:5.4.18.Final]
	at org.hibernate.engine.jdbc.spi.SqlExceptionHelper.convert(SqlExceptionHelper.java:99) ~[hibernate-core-5.4.18.Final.jar:5.4.18.Final]
	at org.hibernate.resource.transaction.backend.jdbc.internal.DdlTransactionIsolatorNonJtaImpl.getIsolatedConnection(DdlTransactionIsolatorNonJtaImpl.java:69) ~[hibernate-core-5.4.18.Final.jar:5.4.18.Final]
	at org.hibernate.tool.schema.internal.exec.ImprovedExtractionContextImpl.getJdbcConnection(ImprovedExtractionContextImpl.java:60) ~[hibernate-core-5.4.18.Final.jar:5.4.18.Final]
	at org.hibernate.tool.schema.internal.exec.ImprovedExtractionContextImpl.getJdbcDatabaseMetaData(ImprovedExtractionContextImpl.java:67) ~[hibernate-core-5.4.18.Final.jar:5.4.18.Final]
	at org.hibernate.tool.schema.extract.internal.InformationExtractorJdbcDatabaseMetaDataImpl.getTables(InformationExtractorJdbcDatabaseMetaDataImpl.java:333) ~[hibernate-core-5.4.18.Final.jar:5.4.18.Final]
	at org.hibernate.tool.schema.extract.internal.DatabaseInformationImpl.getTablesInformation(DatabaseInformationImpl.java:120) ~[hibernate-core-5.4.18.Final.jar:5.4.18.Final]
	at org.hibernate.tool.schema.internal.GroupedSchemaMigratorImpl.performTablesMigration(GroupedSchemaMigratorImpl.java:65) ~[hibernate-core-5.4.18.Final.jar:5.4.18.Final]
	at org.hibernate.tool.schema.internal.AbstractSchemaMigrator.performMigration(AbstractSchemaMigrator.java:207) ~[hibernate-core-5.4.18.Final.jar:5.4.18.Final]
	at org.hibernate.tool.schema.internal.AbstractSchemaMigrator.doMigration(AbstractSchemaMigrator.java:114) ~[hibernate-core-5.4.18.Final.jar:5.4.18.Final]
	at org.hibernate.tool.schema.spi.SchemaManagementToolCoordinator.performDatabaseAction(SchemaManagementToolCoordinator.java:184) ~[hibernate-core-5.4.18.Final.jar:5.4.18.Final]
	at org.hibernate.tool.schema.spi.SchemaManagementToolCoordinator.process(SchemaManagementToolCoordinator.java:73) ~[hibernate-core-5.4.18.Final.jar:5.4.18.Final]
	at org.hibernate.internal.SessionFactoryImpl.<init>(SessionFactoryImpl.java:316) ~[hibernate-core-5.4.18.Final.jar:5.4.18.Final]
	at org.hibernate.boot.internal.SessionFactoryBuilderImpl.build(SessionFactoryBuilderImpl.java:469) ~[hibernate-core-5.4.18.Final.jar:5.4.18.Final]
	at org.hibernate.jpa.boot.internal.EntityManagerFactoryBuilderImpl.build(EntityManagerFactoryBuilderImpl.java:1259) ~[hibernate-core-5.4.18.Final.jar:5.4.18.Final]
	at org.springframework.orm.jpa.vendor.SpringHibernateJpaPersistenceProvider.createContainerEntityManagerFactory(SpringHibernateJpaPersistenceProvider.java:58) ~[spring-orm-5.2.8.RELEASE.jar:5.2.8.RELEASE]
	at org.springframework.orm.jpa.LocalContainerEntityManagerFactoryBean.createNativeEntityManagerFactory(LocalContainerEntityManagerFactoryBean.java:365) ~[spring-orm-5.2.8.RELEASE.jar:5.2.8.RELEASE]
	at org.springframework.orm.jpa.AbstractEntityManagerFactoryBean.buildNativeEntityManagerFactory(AbstractEntityManagerFactoryBean.java:391) ~[spring-orm-5.2.8.RELEASE.jar:5.2.8.RELEASE]
	... 4 common frames omitted
Caused by: java.sql.SQLNonTransientConnectionException: Public Key Retrieval is not allowed
	at com.mysql.cj.jdbc.exceptions.SQLError.createSQLException(SQLError.java:110) ~[mysql-connector-java-8.0.21.jar:8.0.21]
	at com.mysql.cj.jdbc.exceptions.SQLError.createSQLException(SQLError.java:97) ~[mysql-connector-java-8.0.21.jar:8.0.21]
	at com.mysql.cj.jdbc.exceptions.SQLExceptionsMapping.translateException(SQLExceptionsMapping.java:122) ~[mysql-connector-java-8.0.21.jar:8.0.21]
	at com.mysql.cj.jdbc.ConnectionImpl.createNewIO(ConnectionImpl.java:836) ~[mysql-connector-java-8.0.21.jar:8.0.21]
	at com.mysql.cj.jdbc.ConnectionImpl.<init>(ConnectionImpl.java:456) ~[mysql-connector-java-8.0.21.jar:8.0.21]
	at com.mysql.cj.jdbc.ConnectionImpl.getInstance(ConnectionImpl.java:246) ~[mysql-connector-java-8.0.21.jar:8.0.21]
	at com.mysql.cj.jdbc.NonRegisteringDriver.connect(NonRegisteringDriver.java:197) ~[mysql-connector-java-8.0.21.jar:8.0.21]
	at com.zaxxer.hikari.util.DriverDataSource.getConnection(DriverDataSource.java:138) ~[HikariCP-3.4.5.jar:na]
	at com.zaxxer.hikari.pool.PoolBase.newConnection(PoolBase.java:358) ~[HikariCP-3.4.5.jar:na]
	at com.zaxxer.hikari.pool.PoolBase.newPoolEntry(PoolBase.java:206) ~[HikariCP-3.4.5.jar:na]
	at com.zaxxer.hikari.pool.HikariPool.createPoolEntry(HikariPool.java:477) ~[HikariCP-3.4.5.jar:na]
	at com.zaxxer.hikari.pool.HikariPool.checkFailFast(HikariPool.java:560) ~[HikariCP-3.4.5.jar:na]
	at com.zaxxer.hikari.pool.HikariPool.<init>(HikariPool.java:115) ~[HikariCP-3.4.5.jar:na]
	at com.zaxxer.hikari.HikariDataSource.getConnection(HikariDataSource.java:112) ~[HikariCP-3.4.5.jar:na]
	at org.hibernate.engine.jdbc.connections.internal.DatasourceConnectionProviderImpl.getConnection(DatasourceConnectionProviderImpl.java:122) ~[hibernate-core-5.4.18.Final.jar:5.4.18.Final]
	at org.hibernate.engine.jdbc.env.internal.JdbcEnvironmentInitiator$ConnectionProviderJdbcConnectionAccess.obtainConnection(JdbcEnvironmentInitiator.java:180) ~[hibernate-core-5.4.18.Final.jar:5.4.18.Final]
	at org.hibernate.resource.transaction.backend.jdbc.internal.DdlTransactionIsolatorNonJtaImpl.getIsolatedConnection(DdlTransactionIsolatorNonJtaImpl.java:43) ~[hibernate-core-5.4.18.Final.jar:5.4.18.Final]
	... 19 common frames omitted

2024-02-09 09:10:32.790 ERROR 15854 --- [           main] o.s.test.context.TestContextManager      : Caught exception while allowing TestExecutionListener [org.springframework.test.context.web.ServletTestExecutionListener@11d8ae8b] to prepare test instance [com.spring.springbootapp.DemoApplicationTests@5763a655]

java.lang.IllegalStateException: Failed to load ApplicationContext
	at org.springframework.test.context.cache.DefaultCacheAwareContextLoaderDelegate.loadContext(DefaultCacheAwareContextLoaderDelegate.java:132) ~[spring-test-5.2.8.RELEASE.jar:5.2.8.RELEASE]
	at org.springframework.test.context.support.DefaultTestContext.getApplicationContext(DefaultTestContext.java:123) ~[spring-test-5.2.8.RELEASE.jar:5.2.8.RELEASE]
	at org.springframework.test.context.web.ServletTestExecutionListener.setUpRequestContextIfNecessary(ServletTestExecutionListener.java:190) ~[spring-test-5.2.8.RELEASE.jar:5.2.8.RELEASE]
	at org.springframework.test.context.web.ServletTestExecutionListener.prepareTestInstance(ServletTestExecutionListener.java:132) ~[spring-test-5.2.8.RELEASE.jar:5.2.8.RELEASE]
	at org.springframework.test.context.TestContextManager.prepareTestInstance(TestContextManager.java:244) ~[spring-test-5.2.8.RELEASE.jar:5.2.8.RELEASE]
	at org.springframework.test.context.junit.jupiter.SpringExtension.postProcessTestInstance(SpringExtension.java:98) ~[spring-test-5.2.8.RELEASE.jar:5.2.8.RELEASE]
	at org.junit.jupiter.engine.descriptor.ClassBasedTestDescriptor.lambda$invokeTestInstancePostProcessors$5(ClassBasedTestDescriptor.java:341) ~[junit-jupiter-engine-5.6.2.jar:5.6.2]
	at org.junit.jupiter.engine.descriptor.ClassBasedTestDescriptor.executeAndMaskThrowable(ClassBasedTestDescriptor.java:346) ~[junit-jupiter-engine-5.6.2.jar:5.6.2]
	at org.junit.jupiter.engine.descriptor.ClassBasedTestDescriptor.lambda$invokeTestInstancePostProcessors$6(ClassBasedTestDescriptor.java:341) ~[junit-jupiter-engine-5.6.2.jar:5.6.2]
	at java.base/java.util.stream.ReferencePipeline$3$1.accept(ReferencePipeline.java:197) ~[na:na]
	at java.base/java.util.stream.ReferencePipeline$2$1.accept(ReferencePipeline.java:179) ~[na:na]
	at java.base/java.util.ArrayList$ArrayListSpliterator.forEachRemaining(ArrayList.java:1625) ~[na:na]
	at java.base/java.util.stream.AbstractPipeline.copyInto(AbstractPipeline.java:509) ~[na:na]
	at java.base/java.util.stream.AbstractPipeline.wrapAndCopyInto(AbstractPipeline.java:499) ~[na:na]
	at java.base/java.util.stream.StreamSpliterators$WrappingSpliterator.forEachRemaining(StreamSpliterators.java:310) ~[na:na]
	at java.base/java.util.stream.Streams$ConcatSpliterator.forEachRemaining(Streams.java:735) ~[na:na]
	at java.base/java.util.stream.Streams$ConcatSpliterator.forEachRemaining(Streams.java:734) ~[na:na]
	at java.base/java.util.stream.ReferencePipeline$Head.forEach(ReferencePipeline.java:762) ~[na:na]
	at org.junit.jupiter.engine.descriptor.ClassBasedTestDescriptor.invokeTestInstancePostProcessors(ClassBasedTestDescriptor.java:340) ~[junit-jupiter-engine-5.6.2.jar:5.6.2]
	at org.junit.jupiter.engine.descriptor.ClassBasedTestDescriptor.instantiateAndPostProcessTestInstance(ClassBasedTestDescriptor.java:263) ~[junit-jupiter-engine-5.6.2.jar:5.6.2]
	at org.junit.jupiter.engine.descriptor.ClassBasedTestDescriptor.lambda$testInstancesProvider$2(ClassBasedTestDescriptor.java:256) ~[junit-jupiter-engine-5.6.2.jar:5.6.2]
	at java.base/java.util.Optional.orElseGet(Optional.java:364) ~[na:na]
	at org.junit.jupiter.engine.descriptor.ClassBasedTestDescriptor.lambda$testInstancesProvider$3(ClassBasedTestDescriptor.java:255) ~[junit-jupiter-engine-5.6.2.jar:5.6.2]
	at org.junit.jupiter.engine.execution.TestInstancesProvider.getTestInstances(TestInstancesProvider.java:29) ~[junit-jupiter-engine-5.6.2.jar:5.6.2]
	at org.junit.jupiter.engine.descriptor.TestMethodTestDescriptor.lambda$prepare$0(TestMethodTestDescriptor.java:108) ~[junit-jupiter-engine-5.6.2.jar:5.6.2]
	at org.junit.platform.engine.support.hierarchical.ThrowableCollector.execute(ThrowableCollector.java:73) ~[junit-platform-engine-1.6.2.jar:1.6.2]
	at org.junit.jupiter.engine.descriptor.TestMethodTestDescriptor.prepare(TestMethodTestDescriptor.java:107) ~[junit-jupiter-engine-5.6.2.jar:5.6.2]
	at org.junit.jupiter.engine.descriptor.TestMethodTestDescriptor.prepare(TestMethodTestDescriptor.java:71) ~[junit-jupiter-engine-5.6.2.jar:5.6.2]
	at org.junit.platform.engine.support.hierarchical.NodeTestTask.lambda$prepare$1(NodeTestTask.java:107) ~[junit-platform-engine-1.6.2.jar:1.6.2]
	at org.junit.platform.engine.support.hierarchical.ThrowableCollector.execute(ThrowableCollector.java:73) ~[junit-platform-engine-1.6.2.jar:1.6.2]
	at org.junit.platform.engine.support.hierarchical.NodeTestTask.prepare(NodeTestTask.java:107) ~[junit-platform-engine-1.6.2.jar:1.6.2]
	at org.junit.platform.engine.support.hierarchical.NodeTestTask.execute(NodeTestTask.java:75) ~[junit-platform-engine-1.6.2.jar:1.6.2]
	at java.base/java.util.ArrayList.forEach(ArrayList.java:1511) ~[na:na]
	at org.junit.platform.engine.support.hierarchical.SameThreadHierarchicalTestExecutorService.invokeAll(SameThreadHierarchicalTestExecutorService.java:38) ~[junit-platform-engine-1.6.2.jar:1.6.2]
	at org.junit.platform.engine.support.hierarchical.NodeTestTask.lambda$executeRecursively$5(NodeTestTask.java:139) ~[junit-platform-engine-1.6.2.jar:1.6.2]
	at org.junit.platform.engine.support.hierarchical.ThrowableCollector.execute(ThrowableCollector.java:73) ~[junit-platform-engine-1.6.2.jar:1.6.2]
	at org.junit.platform.engine.support.hierarchical.NodeTestTask.lambda$executeRecursively$7(NodeTestTask.java:125) ~[junit-platform-engine-1.6.2.jar:1.6.2]
	at org.junit.platform.engine.support.hierarchical.Node.around(Node.java:135) ~[junit-platform-engine-1.6.2.jar:1.6.2]
	at org.junit.platform.engine.support.hierarchical.NodeTestTask.lambda$executeRecursively$8(NodeTestTask.java:123) ~[junit-platform-engine-1.6.2.jar:1.6.2]
	at org.junit.platform.engine.support.hierarchical.ThrowableCollector.execute(ThrowableCollector.java:73) ~[junit-platform-engine-1.6.2.jar:1.6.2]
	at org.junit.platform.engine.support.hierarchical.NodeTestTask.executeRecursively(NodeTestTask.java:122) ~[junit-platform-engine-1.6.2.jar:1.6.2]
	at org.junit.platform.engine.support.hierarchical.NodeTestTask.execute(NodeTestTask.java:80) ~[junit-platform-engine-1.6.2.jar:1.6.2]
	at java.base/java.util.ArrayList.forEach(ArrayList.java:1511) ~[na:na]
	at org.junit.platform.engine.support.hierarchical.SameThreadHierarchicalTestExecutorService.invokeAll(SameThreadHierarchicalTestExecutorService.java:38) ~[junit-platform-engine-1.6.2.jar:1.6.2]
	at org.junit.platform.engine.support.hierarchical.NodeTestTask.lambda$executeRecursively$5(NodeTestTask.java:139) ~[junit-platform-engine-1.6.2.jar:1.6.2]
	at org.junit.platform.engine.support.hierarchical.ThrowableCollector.execute(ThrowableCollector.java:73) ~[junit-platform-engine-1.6.2.jar:1.6.2]
	at org.junit.platform.engine.support.hierarchical.NodeTestTask.lambda$executeRecursively$7(NodeTestTask.java:125) ~[junit-platform-engine-1.6.2.jar:1.6.2]
	at org.junit.platform.engine.support.hierarchical.Node.around(Node.java:135) ~[junit-platform-engine-1.6.2.jar:1.6.2]
	at org.junit.platform.engine.support.hierarchical.NodeTestTask.lambda$executeRecursively$8(NodeTestTask.java:123) ~[junit-platform-engine-1.6.2.jar:1.6.2]
	at org.junit.platform.engine.support.hierarchical.ThrowableCollector.execute(ThrowableCollector.java:73) ~[junit-platform-engine-1.6.2.jar:1.6.2]
	at org.junit.platform.engine.support.hierarchical.NodeTestTask.executeRecursively(NodeTestTask.java:122) ~[junit-platform-engine-1.6.2.jar:1.6.2]
	at org.junit.platform.engine.support.hierarchical.NodeTestTask.execute(NodeTestTask.java:80) ~[junit-platform-engine-1.6.2.jar:1.6.2]
	at org.junit.platform.engine.support.hierarchical.SameThreadHierarchicalTestExecutorService.submit(SameThreadHierarchicalTestExecutorService.java:32) ~[junit-platform-engine-1.6.2.jar:1.6.2]
	at org.junit.platform.engine.support.hierarchical.HierarchicalTestExecutor.execute(HierarchicalTestExecutor.java:57) ~[junit-platform-engine-1.6.2.jar:1.6.2]
	at org.junit.platform.engine.support.hierarchical.HierarchicalTestEngine.execute(HierarchicalTestEngine.java:51) ~[junit-platform-engine-1.6.2.jar:1.6.2]
	at org.junit.platform.launcher.core.DefaultLauncher.execute(DefaultLauncher.java:220) ~[junit-platform-launcher-1.3.1.jar:1.3.1]
	at org.junit.platform.launcher.core.DefaultLauncher.lambda$execute$6(DefaultLauncher.java:188) ~[junit-platform-launcher-1.3.1.jar:1.3.1]
	at org.junit.platform.launcher.core.DefaultLauncher.withInterceptedStreams(DefaultLauncher.java:202) ~[junit-platform-launcher-1.3.1.jar:1.3.1]
	at org.junit.platform.launcher.core.DefaultLauncher.execute(DefaultLauncher.java:181) ~[junit-platform-launcher-1.3.1.jar:1.3.1]
	at org.junit.platform.launcher.core.DefaultLauncher.execute(DefaultLauncher.java:128) ~[junit-platform-launcher-1.3.1.jar:1.3.1]
	at org.apache.maven.surefire.junitplatform.JUnitPlatformProvider.invokeAllTests(JUnitPlatformProvider.java:150) ~[surefire-junit-platform-2.22.2.jar:2.22.2]
	at org.apache.maven.surefire.junitplatform.JUnitPlatformProvider.invoke(JUnitPlatformProvider.java:124) ~[surefire-junit-platform-2.22.2.jar:2.22.2]
	at org.apache.maven.surefire.booter.ForkedBooter.invokeProviderInSameClassLoader(ForkedBooter.java:384) ~[surefire-booter-2.22.2.jar:2.22.2]
	at org.apache.maven.surefire.booter.ForkedBooter.runSuitesInProcess(ForkedBooter.java:345) ~[surefire-booter-2.22.2.jar:2.22.2]
	at org.apache.maven.surefire.booter.ForkedBooter.execute(ForkedBooter.java:126) ~[surefire-booter-2.22.2.jar:2.22.2]
	at org.apache.maven.surefire.booter.ForkedBooter.main(ForkedBooter.java:418) ~[surefire-booter-2.22.2.jar:2.22.2]
Caused by: org.springframework.beans.factory.BeanCreationException: Error creating bean with name 'staffRepo' defined in com.spring.springbootapp.repository.StaffRepo defined in @EnableJpaRepositories declared on JpaRepositoriesRegistrar.EnableJpaRepositoriesConfiguration: Cannot resolve reference to bean 'jpaMappingContext' while setting bean property 'mappingContext'; nested exception is org.springframework.beans.factory.BeanCreationException: Error creating bean with name 'jpaMappingContext': Invocation of init method failed; nested exception is javax.persistence.PersistenceException: [PersistenceUnit: default] Unable to build Hibernate SessionFactory; nested exception is org.hibernate.exception.JDBCConnectionException: Unable to open JDBC Connection for DDL execution
	at org.springframework.beans.factory.support.BeanDefinitionValueResolver.resolveReference(BeanDefinitionValueResolver.java:342) ~[spring-beans-5.2.8.RELEASE.jar:5.2.8.RELEASE]
	at org.springframework.beans.factory.support.BeanDefinitionValueResolver.resolveValueIfNecessary(BeanDefinitionValueResolver.java:113) ~[spring-beans-5.2.8.RELEASE.jar:5.2.8.RELEASE]
	at org.springframework.beans.factory.support.AbstractAutowireCapableBeanFactory.applyPropertyValues(AbstractAutowireCapableBeanFactory.java:1697) ~[spring-beans-5.2.8.RELEASE.jar:5.2.8.RELEASE]
	at org.springframework.beans.factory.support.AbstractAutowireCapableBeanFactory.populateBean(AbstractAutowireCapableBeanFactory.java:1442) ~[spring-beans-5.2.8.RELEASE.jar:5.2.8.RELEASE]
	at org.springframework.beans.factory.support.AbstractAutowireCapableBeanFactory.doCreateBean(AbstractAutowireCapableBeanFactory.java:593) ~[spring-beans-5.2.8.RELEASE.jar:5.2.8.RELEASE]
	at org.springframework.beans.factory.support.AbstractAutowireCapableBeanFactory.createBean(AbstractAutowireCapableBeanFactory.java:516) ~[spring-beans-5.2.8.RELEASE.jar:5.2.8.RELEASE]
	at org.springframework.beans.factory.support.AbstractBeanFactory.lambda$doGetBean$0(AbstractBeanFactory.java:324) ~[spring-beans-5.2.8.RELEASE.jar:5.2.8.RELEASE]
	at org.springframework.beans.factory.support.DefaultSingletonBeanRegistry.getSingleton(DefaultSingletonBeanRegistry.java:226) ~[spring-beans-5.2.8.RELEASE.jar:5.2.8.RELEASE]
	at org.springframework.beans.factory.support.AbstractBeanFactory.doGetBean(AbstractBeanFactory.java:322) ~[spring-beans-5.2.8.RELEASE.jar:5.2.8.RELEASE]
	at org.springframework.beans.factory.support.AbstractBeanFactory.getBean(AbstractBeanFactory.java:202) ~[spring-beans-5.2.8.RELEASE.jar:5.2.8.RELEASE]
	at org.springframework.beans.factory.support.DefaultListableBeanFactory.getBeansOfType(DefaultListableBeanFactory.java:624) ~[spring-beans-5.2.8.RELEASE.jar:5.2.8.RELEASE]
	at org.springframework.beans.factory.support.DefaultListableBeanFactory.getBeansOfType(DefaultListableBeanFactory.java:612) ~[spring-beans-5.2.8.RELEASE.jar:5.2.8.RELEASE]
	at org.springframework.data.repository.config.DeferredRepositoryInitializationListener.onApplicationEvent(DeferredRepositoryInitializationListener.java:51) ~[spring-data-commons-2.3.2.RELEASE.jar:2.3.2.RELEASE]
	at org.springframework.data.repository.config.DeferredRepositoryInitializationListener.onApplicationEvent(DeferredRepositoryInitializationListener.java:36) ~[spring-data-commons-2.3.2.RELEASE.jar:2.3.2.RELEASE]
	at org.springframework.context.event.SimpleApplicationEventMulticaster.doInvokeListener(SimpleApplicationEventMulticaster.java:172) ~[spring-context-5.2.8.RELEASE.jar:5.2.8.RELEASE]
	at org.springframework.context.event.SimpleApplicationEventMulticaster.invokeListener(SimpleApplicationEventMulticaster.java:165) ~[spring-context-5.2.8.RELEASE.jar:5.2.8.RELEASE]
	at org.springframework.context.event.SimpleApplicationEventMulticaster.multicastEvent(SimpleApplicationEventMulticaster.java:139) ~[spring-context-5.2.8.RELEASE.jar:5.2.8.RELEASE]
	at org.springframework.context.support.AbstractApplicationContext.publishEvent(AbstractApplicationContext.java:404) ~[spring-context-5.2.8.RELEASE.jar:5.2.8.RELEASE]
	at org.springframework.context.support.AbstractApplicationContext.publishEvent(AbstractApplicationContext.java:361) ~[spring-context-5.2.8.RELEASE.jar:5.2.8.RELEASE]
	at org.springframework.context.support.AbstractApplicationContext.finishRefresh(AbstractApplicationContext.java:898) ~[spring-context-5.2.8.RELEASE.jar:5.2.8.RELEASE]
	at org.springframework.context.support.AbstractApplicationContext.refresh(AbstractApplicationContext.java:554) ~[spring-context-5.2.8.RELEASE.jar:5.2.8.RELEASE]
	at org.springframework.boot.SpringApplication.refresh(SpringApplication.java:758) ~[spring-boot-2.3.2.RELEASE.jar:2.3.2.RELEASE]
	at org.springframework.boot.SpringApplication.refresh(SpringApplication.java:750) ~[spring-boot-2.3.2.RELEASE.jar:2.3.2.RELEASE]
	at org.springframework.boot.SpringApplication.refreshContext(SpringApplication.java:397) ~[spring-boot-2.3.2.RELEASE.jar:2.3.2.RELEASE]
	at org.springframework.boot.SpringApplication.run(SpringApplication.java:315) ~[spring-boot-2.3.2.RELEASE.jar:2.3.2.RELEASE]
	at org.springframework.boot.test.context.SpringBootContextLoader.loadContext(SpringBootContextLoader.java:120) ~[spring-boot-test-2.3.2.RELEASE.jar:2.3.2.RELEASE]
	at org.springframework.test.context.cache.DefaultCacheAwareContextLoaderDelegate.loadContextInternal(DefaultCacheAwareContextLoaderDelegate.java:99) ~[spring-test-5.2.8.RELEASE.jar:5.2.8.RELEASE]
	at org.springframework.test.context.cache.DefaultCacheAwareContextLoaderDelegate.loadContext(DefaultCacheAwareContextLoaderDelegate.java:124) ~[spring-test-5.2.8.RELEASE.jar:5.2.8.RELEASE]
	... 65 common frames omitted
Caused by: org.springframework.beans.factory.BeanCreationException: Error creating bean with name 'jpaMappingContext': Invocation of init method failed; nested exception is javax.persistence.PersistenceException: [PersistenceUnit: default] Unable to build Hibernate SessionFactory; nested exception is org.hibernate.exception.JDBCConnectionException: Unable to open JDBC Connection for DDL execution
	at org.springframework.beans.factory.support.AbstractAutowireCapableBeanFactory.initializeBean(AbstractAutowireCapableBeanFactory.java:1794) ~[spring-beans-5.2.8.RELEASE.jar:5.2.8.RELEASE]
	at org.springframework.beans.factory.support.AbstractAutowireCapableBeanFactory.doCreateBean(AbstractAutowireCapableBeanFactory.java:594) ~[spring-beans-5.2.8.RELEASE.jar:5.2.8.RELEASE]
	at org.springframework.beans.factory.support.AbstractAutowireCapableBeanFactory.createBean(AbstractAutowireCapableBeanFactory.java:516) ~[spring-beans-5.2.8.RELEASE.jar:5.2.8.RELEASE]
	at org.springframework.beans.factory.support.AbstractBeanFactory.lambda$doGetBean$0(AbstractBeanFactory.java:324) ~[spring-beans-5.2.8.RELEASE.jar:5.2.8.RELEASE]
	at org.springframework.beans.factory.support.DefaultSingletonBeanRegistry.getSingleton(DefaultSingletonBeanRegistry.java:226) ~[spring-beans-5.2.8.RELEASE.jar:5.2.8.RELEASE]
	at org.springframework.beans.factory.support.AbstractBeanFactory.doGetBean(AbstractBeanFactory.java:322) ~[spring-beans-5.2.8.RELEASE.jar:5.2.8.RELEASE]
	at org.springframework.beans.factory.support.AbstractBeanFactory.getBean(AbstractBeanFactory.java:202) ~[spring-beans-5.2.8.RELEASE.jar:5.2.8.RELEASE]
	at org.springframework.beans.factory.support.BeanDefinitionValueResolver.resolveReference(BeanDefinitionValueResolver.java:330) ~[spring-beans-5.2.8.RELEASE.jar:5.2.8.RELEASE]
	... 92 common frames omitted
Caused by: javax.persistence.PersistenceException: [PersistenceUnit: default] Unable to build Hibernate SessionFactory; nested exception is org.hibernate.exception.JDBCConnectionException: Unable to open JDBC Connection for DDL execution
	at org.springframework.orm.jpa.AbstractEntityManagerFactoryBean.buildNativeEntityManagerFactory(AbstractEntityManagerFactoryBean.java:403) ~[spring-orm-5.2.8.RELEASE.jar:5.2.8.RELEASE]
	at java.base/java.util.concurrent.FutureTask.run(FutureTask.java:264) ~[na:na]
	at java.base/java.util.concurrent.ThreadPoolExecutor.runWorker(ThreadPoolExecutor.java:1136) ~[na:na]
	at java.base/java.util.concurrent.ThreadPoolExecutor$Worker.run(ThreadPoolExecutor.java:635) ~[na:na]
	at java.base/java.lang.Thread.run(Thread.java:840) ~[na:na]
Caused by: org.hibernate.exception.JDBCConnectionException: Unable to open JDBC Connection for DDL execution
	at org.hibernate.exception.internal.SQLExceptionTypeDelegate.convert(SQLExceptionTypeDelegate.java:48) ~[hibernate-core-5.4.18.Final.jar:5.4.18.Final]
	at org.hibernate.exception.internal.StandardSQLExceptionConverter.convert(StandardSQLExceptionConverter.java:42) ~[hibernate-core-5.4.18.Final.jar:5.4.18.Final]
	at org.hibernate.engine.jdbc.spi.SqlExceptionHelper.convert(SqlExceptionHelper.java:113) ~[hibernate-core-5.4.18.Final.jar:5.4.18.Final]
	at org.hibernate.engine.jdbc.spi.SqlExceptionHelper.convert(SqlExceptionHelper.java:99) ~[hibernate-core-5.4.18.Final.jar:5.4.18.Final]
	at org.hibernate.resource.transaction.backend.jdbc.internal.DdlTransactionIsolatorNonJtaImpl.getIsolatedConnection(DdlTransactionIsolatorNonJtaImpl.java:69) ~[hibernate-core-5.4.18.Final.jar:5.4.18.Final]
	at org.hibernate.tool.schema.internal.exec.ImprovedExtractionContextImpl.getJdbcConnection(ImprovedExtractionContextImpl.java:60) ~[hibernate-core-5.4.18.Final.jar:5.4.18.Final]
	at org.hibernate.tool.schema.internal.exec.ImprovedExtractionContextImpl.getJdbcDatabaseMetaData(ImprovedExtractionContextImpl.java:67) ~[hibernate-core-5.4.18.Final.jar:5.4.18.Final]
	at org.hibernate.tool.schema.extract.internal.InformationExtractorJdbcDatabaseMetaDataImpl.getTables(InformationExtractorJdbcDatabaseMetaDataImpl.java:333) ~[hibernate-core-5.4.18.Final.jar:5.4.18.Final]
	at org.hibernate.tool.schema.extract.internal.DatabaseInformationImpl.getTablesInformation(DatabaseInformationImpl.java:120) ~[hibernate-core-5.4.18.Final.jar:5.4.18.Final]
	at org.hibernate.tool.schema.internal.GroupedSchemaMigratorImpl.performTablesMigration(GroupedSchemaMigratorImpl.java:65) ~[hibernate-core-5.4.18.Final.jar:5.4.18.Final]
	at org.hibernate.tool.schema.internal.AbstractSchemaMigrator.performMigration(AbstractSchemaMigrator.java:207) ~[hibernate-core-5.4.18.Final.jar:5.4.18.Final]
	at org.hibernate.tool.schema.internal.AbstractSchemaMigrator.doMigration(AbstractSchemaMigrator.java:114) ~[hibernate-core-5.4.18.Final.jar:5.4.18.Final]
	at org.hibernate.tool.schema.spi.SchemaManagementToolCoordinator.performDatabaseAction(SchemaManagementToolCoordinator.java:184) ~[hibernate-core-5.4.18.Final.jar:5.4.18.Final]
	at org.hibernate.tool.schema.spi.SchemaManagementToolCoordinator.process(SchemaManagementToolCoordinator.java:73) ~[hibernate-core-5.4.18.Final.jar:5.4.18.Final]
	at org.hibernate.internal.SessionFactoryImpl.<init>(SessionFactoryImpl.java:316) ~[hibernate-core-5.4.18.Final.jar:5.4.18.Final]
	at org.hibernate.boot.internal.SessionFactoryBuilderImpl.build(SessionFactoryBuilderImpl.java:469) ~[hibernate-core-5.4.18.Final.jar:5.4.18.Final]
	at org.hibernate.jpa.boot.internal.EntityManagerFactoryBuilderImpl.build(EntityManagerFactoryBuilderImpl.java:1259) ~[hibernate-core-5.4.18.Final.jar:5.4.18.Final]
	at org.springframework.orm.jpa.vendor.SpringHibernateJpaPersistenceProvider.createContainerEntityManagerFactory(SpringHibernateJpaPersistenceProvider.java:58) ~[spring-orm-5.2.8.RELEASE.jar:5.2.8.RELEASE]
	at org.springframework.orm.jpa.LocalContainerEntityManagerFactoryBean.createNativeEntityManagerFactory(LocalContainerEntityManagerFactoryBean.java:365) ~[spring-orm-5.2.8.RELEASE.jar:5.2.8.RELEASE]
	at org.springframework.orm.jpa.AbstractEntityManagerFactoryBean.buildNativeEntityManagerFactory(AbstractEntityManagerFactoryBean.java:391) ~[spring-orm-5.2.8.RELEASE.jar:5.2.8.RELEASE]
	... 4 common frames omitted
Caused by: java.sql.SQLNonTransientConnectionException: Public Key Retrieval is not allowed
	at com.mysql.cj.jdbc.exceptions.SQLError.createSQLException(SQLError.java:110) ~[mysql-connector-java-8.0.21.jar:8.0.21]
	at com.mysql.cj.jdbc.exceptions.SQLError.createSQLException(SQLError.java:97) ~[mysql-connector-java-8.0.21.jar:8.0.21]
	at com.mysql.cj.jdbc.exceptions.SQLExceptionsMapping.translateException(SQLExceptionsMapping.java:122) ~[mysql-connector-java-8.0.21.jar:8.0.21]
	at com.mysql.cj.jdbc.ConnectionImpl.createNewIO(ConnectionImpl.java:836) ~[mysql-connector-java-8.0.21.jar:8.0.21]
	at com.mysql.cj.jdbc.ConnectionImpl.<init>(ConnectionImpl.java:456) ~[mysql-connector-java-8.0.21.jar:8.0.21]
	at com.mysql.cj.jdbc.ConnectionImpl.getInstance(ConnectionImpl.java:246) ~[mysql-connector-java-8.0.21.jar:8.0.21]
	at com.mysql.cj.jdbc.NonRegisteringDriver.connect(NonRegisteringDriver.java:197) ~[mysql-connector-java-8.0.21.jar:8.0.21]
	at com.zaxxer.hikari.util.DriverDataSource.getConnection(DriverDataSource.java:138) ~[HikariCP-3.4.5.jar:na]
	at com.zaxxer.hikari.pool.PoolBase.newConnection(PoolBase.java:358) ~[HikariCP-3.4.5.jar:na]
	at com.zaxxer.hikari.pool.PoolBase.newPoolEntry(PoolBase.java:206) ~[HikariCP-3.4.5.jar:na]
	at com.zaxxer.hikari.pool.HikariPool.createPoolEntry(HikariPool.java:477) ~[HikariCP-3.4.5.jar:na]
	at com.zaxxer.hikari.pool.HikariPool.checkFailFast(HikariPool.java:560) ~[HikariCP-3.4.5.jar:na]
	at com.zaxxer.hikari.pool.HikariPool.<init>(HikariPool.java:115) ~[HikariCP-3.4.5.jar:na]
	at com.zaxxer.hikari.HikariDataSource.getConnection(HikariDataSource.java:112) ~[HikariCP-3.4.5.jar:na]
	at org.hibernate.engine.jdbc.connections.internal.DatasourceConnectionProviderImpl.getConnection(DatasourceConnectionProviderImpl.java:122) ~[hibernate-core-5.4.18.Final.jar:5.4.18.Final]
	at org.hibernate.engine.jdbc.env.internal.JdbcEnvironmentInitiator$ConnectionProviderJdbcConnectionAccess.obtainConnection(JdbcEnvironmentInitiator.java:180) ~[hibernate-core-5.4.18.Final.jar:5.4.18.Final]
	at org.hibernate.resource.transaction.backend.jdbc.internal.DdlTransactionIsolatorNonJtaImpl.getIsolatedConnection(DdlTransactionIsolatorNonJtaImpl.java:43) ~[hibernate-core-5.4.18.Final.jar:5.4.18.Final]
	... 19 common frames omitted

]]></system-out>
  </testcase>
</testsuite>